2020-06-03 23:14:17 [mySpider.spiders.log_] WARNING: {'name': '王老师', 'title': '高级讲师'}
2020-06-03 23:14:17 [mySpider.spiders.log_] WARNING: {'name': '孙老师', 'title': '高级讲师'}
2020-06-03 23:14:17 [mySpider.spiders.log_] WARNING: {'name': '王老师', 'title': '高级讲师'}
2020-06-03 23:14:17 [mySpider.spiders.log_] WARNING: {'name': '陈老师', 'title': '高级讲师'}
2020-06-03 23:14:17 [mySpider.spiders.log_] WARNING: {'name': ' 金老师', 'title': '高级讲师'}
2020-06-03 23:14:17 [mySpider.spiders.log_] WARNING: {'name': '王老师', 'title': '高级讲师'}
2020-06-03 23:14:17 [mySpider.spiders.log_] WARNING: {'name': '曹老师', 'title': '高级讲师'}
2020-06-03 23:14:17 [mySpider.spiders.log_] WARNING: {'name': '谭老师', 'title': '高级讲师'}
2020-06-03 23:14:17 [mySpider.spiders.log_] WARNING: {'name': '王老师', 'title': '高级讲师'}
2020-06-03 23:14:17 [mySpider.spiders.log_] WARNING: {'name': '杨老师', 'title': '高级讲师'}
2020-06-03 23:14:17 [mySpider.spiders.log_] WARNING: {'name': '丛老师', 'title': '高级讲师'}
2020-06-03 23:14:17 [mySpider.spiders.log_] WARNING: {'name': '李老师', 'title': '高级讲师'}
2020-06-03 23:14:17 [mySpider.spiders.log_] WARNING: {'name': '邓老师', 'title': '高级讲师'}
2020-06-03 23:14:17 [mySpider.spiders.log_] WARNING: {'name': '杨老师', 'title': '高级讲师'}
2020-06-03 23:14:17 [mySpider.spiders.log_] WARNING: {'name': '曾老师', 'title': '高级讲师'}
2020-06-03 23:14:17 [mySpider.spiders.log_] WARNING: {'name': '赵老师', 'title': '高级讲师'}
2020-06-03 23:14:17 [mySpider.spiders.log_] WARNING: {'name': '王老师', 'title': '高级讲师'}
2020-06-03 23:14:17 [mySpider.spiders.log_] WARNING: {'name': '龙老师', 'title': '高级讲师'}
2020-06-03 23:14:17 [mySpider.spiders.log_] WARNING: {'name': '唐老师', 'title': '高级讲师'}
2020-06-03 23:14:17 [mySpider.spiders.log_] WARNING: {'name': '贾老师', 'title': '高级讲师'}
2020-06-03 23:14:17 [mySpider.spiders.log_] WARNING: {'name': '钱老师', 'title': '高级讲师'}
2020-06-03 23:14:17 [mySpider.spiders.log_] WARNING: {'name': '李老师', 'title': '高级讲师'}
2020-06-03 23:14:17 [mySpider.spiders.log_] WARNING: {'name': '孙老师', 'title': '高级讲师'}
2020-06-03 23:14:17 [mySpider.spiders.log_] WARNING: {'name': '刘老师', 'title': '高级讲师'}
2020-06-03 23:14:17 [mySpider.spiders.log_] WARNING: {'name': '李老师', 'title': '高级讲师'}
2020-06-03 23:14:17 [mySpider.spiders.log_] WARNING: {'name': '李老师', 'title': '高级讲师'}
2020-06-03 23:14:17 [mySpider.spiders.log_] WARNING: {'name': '刘老师', 'title': '高级讲师'}
2020-06-03 23:14:17 [mySpider.spiders.log_] WARNING: {'name': '朱老师', 'title': '高级讲师'}
2020-06-03 23:14:17 [mySpider.spiders.log_] WARNING: {'name': '许老师', 'title': '高级讲师'}
2020-06-03 23:14:17 [mySpider.spiders.log_] WARNING: {'name': '朱老师', 'title': '高级讲师'}
2020-06-03 23:14:17 [mySpider.spiders.log_] WARNING: {'name': '刘老师', 'title': '高级讲师'}
2020-06-03 23:14:17 [mySpider.spiders.log_] WARNING: {'name': '毛老师', 'title': '高级讲师'}
2020-06-03 23:14:17 [mySpider.spiders.log_] WARNING: {'name': '恩老师', 'title': '高级讲师'}
2020-06-03 23:14:17 [mySpider.spiders.log_] WARNING: {'name': '韩老师', 'title': '高级讲师'}
2020-06-03 23:14:17 [mySpider.spiders.log_] WARNING: {'name': '何老师', 'title': '高级讲师'}
2020-06-03 23:14:17 [mySpider.spiders.log_] WARNING: {'name': '肖老师', 'title': '高级讲师'}
2020-06-03 23:14:17 [mySpider.spiders.log_] WARNING: {'name': '邢老师', 'title': '高级讲师'}
2020-06-03 23:14:17 [mySpider.spiders.log_] WARNING: {'name': '王老师', 'title': '高级讲师'}
2020-06-03 23:14:17 [mySpider.spiders.log_] WARNING: {'name': '彭老师', 'title': '高级讲师'}
2020-06-03 23:14:17 [mySpider.spiders.log_] WARNING: {'name': '原老师', 'title': '高级讲师'}
2020-06-03 23:14:17 [mySpider.spiders.log_] WARNING: {'name': '刘老师', 'title': '高级讲师'}
2020-06-03 23:14:17 [mySpider.spiders.log_] WARNING: {'name': '张老师', 'title': '高级讲师'}
2020-06-03 23:14:17 [mySpider.spiders.log_] WARNING: {'name': '陈老师', 'title': '高级讲师'}
2020-06-03 23:14:17 [mySpider.spiders.log_] WARNING: {'name': '李老师', 'title': '高级讲师'}
2020-06-03 23:14:17 [mySpider.spiders.log_] WARNING: {'name': ' 惠老师', 'title': '高级讲师'}
2020-06-03 23:14:17 [mySpider.spiders.log_] WARNING: {'name': '张老师', 'title': '高级讲师'}
2020-06-03 23:14:17 [mySpider.spiders.log_] WARNING: {'name': '江老师', 'title': '高级讲师'}
2020-06-03 23:14:17 [mySpider.spiders.log_] WARNING: {'name': '许老师', 'title': '高级讲师'}
2020-06-03 23:14:17 [mySpider.spiders.log_] WARNING: {'name': '汤老师', 'title': '高级讲师'}
2020-06-03 23:14:17 [mySpider.spiders.log_] WARNING: {'name': '詹老师', 'title': '高级讲师'}
2020-06-03 23:14:17 [mySpider.spiders.log_] WARNING: {'name': '杨老师', 'title': '高级讲师'}
2020-06-03 23:14:17 [mySpider.spiders.log_] WARNING: {'name': '刘老师', 'title': '高级讲师'}
2020-06-03 23:14:17 [mySpider.spiders.log_] WARNING: {'name': '李老师', 'title': '高级讲师'}
2020-06-03 23:14:17 [mySpider.spiders.log_] WARNING: {'name': '梅老师', 'title': '高级讲师'}
2020-06-03 23:14:17 [mySpider.spiders.log_] WARNING: {'name': '秦老师', 'title': '高级讲师'}
2020-06-03 23:14:17 [mySpider.spiders.log_] WARNING: {'name': '沈老师', 'title': '高级讲师'}
2020-06-03 23:14:17 [mySpider.spiders.log_] WARNING: {'name': '于老师', 'title': '高级讲师'}
2020-06-03 23:14:17 [mySpider.spiders.log_] WARNING: {'name': '张老师', 'title': '高级讲师'}
2020-06-03 23:14:17 [mySpider.spiders.log_] WARNING: {'name': '林老师', 'title': '高级讲师'}
2020-06-03 23:14:17 [mySpider.spiders.log_] WARNING: {'name': '王老师', 'title': '高级讲师'}
2020-06-03 23:14:17 [mySpider.spiders.log_] WARNING: {'name': '朱老师', 'title': '高级讲师'}
2020-06-03 23:14:17 [mySpider.spiders.log_] WARNING: {'name': '秦老师', 'title': '高级讲师'}
2020-06-03 23:14:17 [mySpider.spiders.log_] WARNING: {'name': '牛老师', 'title': '高级讲师'}
2020-06-03 23:14:17 [mySpider.spiders.log_] WARNING: {'name': '杨老师', 'title': '高级讲师'}
2020-06-03 23:14:17 [mySpider.spiders.log_] WARNING: {'name': '郭老师', 'title': '高级讲师'}
2020-06-03 23:14:17 [mySpider.spiders.log_] WARNING: {'name': '王老师', 'title': '高级讲师'}
2020-06-03 23:14:17 [mySpider.spiders.log_] WARNING: {'name': '王老师', 'title': '高级讲师'}
2020-06-03 23:14:17 [mySpider.spiders.log_] WARNING: {'name': '姚老师', 'title': '高级讲师'}
2020-06-03 23:14:17 [mySpider.spiders.log_] WARNING: {'name': '赵老师', 'title': '高级讲师'}
2020-06-03 23:14:17 [mySpider.spiders.log_] WARNING: {'name': '张老师', 'title': '高级讲师'}
2020-06-03 23:14:17 [mySpider.spiders.log_] WARNING: {'name': '韦老师', 'title': '高级讲师'}
2020-06-03 23:14:17 [mySpider.spiders.log_] WARNING: {'name': '李老师', 'title': '高级讲师'}
2020-06-03 23:14:17 [mySpider.spiders.log_] WARNING: {'name': '史老师', 'title': '高级讲师'}
2020-06-03 23:14:17 [mySpider.spiders.log_] WARNING: {'name': '赵老师', 'title': '高级讲师'}
2020-06-03 23:14:17 [mySpider.spiders.log_] WARNING: {'name': '刘老师', 'title': '高级讲师'}
2020-06-03 23:14:17 [mySpider.spiders.log_] WARNING: {'name': '齐老师', 'title': '高级讲师'}
2020-06-03 23:14:17 [mySpider.spiders.log_] WARNING: {'name': '盛老师', 'title': '高级讲师'}
2020-06-03 23:14:17 [mySpider.spiders.log_] WARNING: {'name': '范老师', 'title': '高级讲师'}
2020-06-03 23:14:17 [mySpider.spiders.log_] WARNING: {'name': '胡老师', 'title': '高级讲师'}
2020-06-03 23:14:17 [mySpider.spiders.log_] WARNING: {'name': '谢老师', 'title': '高级讲师'}
2020-06-03 23:14:17 [mySpider.spiders.log_] WARNING: {'name': '张老师', 'title': '高级讲师'}
2020-06-03 23:14:17 [mySpider.spiders.log_] WARNING: {'name': '李老师', 'title': '高级讲师'}
2020-06-03 23:14:17 [mySpider.spiders.log_] WARNING: {'name': '肖老师', 'title': '高级讲师'}
2020-06-03 23:14:17 [mySpider.spiders.log_] WARNING: {'name': '唐老师', 'title': '高级讲师'}
2020-06-03 23:14:17 [mySpider.spiders.log_] WARNING: {'name': '肖老师', 'title': '高级讲师'}
2020-06-03 23:14:17 [mySpider.spiders.log_] WARNING: {'name': '覃老师', 'title': '高级讲师'}
2020-06-03 23:14:17 [mySpider.spiders.log_] WARNING: {'name': '吴老师', 'title': '高级讲师'}
2020-06-03 23:14:17 [mySpider.spiders.log_] WARNING: {'name': '梁老师', 'title': '商务经理'}
2020-06-03 23:14:17 [mySpider.spiders.log_] WARNING: {'name': '张老师', 'title': '高级讲师'}
2020-06-03 23:14:17 [mySpider.spiders.log_] WARNING: {'name': '孟老师', 'title': '高级讲师'}
2020-06-03 23:14:17 [mySpider.spiders.log_] WARNING: {'name': '曹老师', 'title': '高级讲师'}
2020-06-03 23:14:17 [mySpider.spiders.log_] WARNING: {'name': '张老师', 'title': '高级讲师'}
2020-06-03 23:14:17 [mySpider.spiders.log_] WARNING: {'name': '赵老师', 'title': '高级讲师'}
2020-06-03 23:14:17 [mySpider.spiders.log_] WARNING: {'name': '张老师', 'title': '高级讲师'}
2020-06-03 23:14:17 [mySpider.spiders.log_] WARNING: {'name': '赵老师', 'title': '高级讲师'}
2020-06-03 23:14:17 [mySpider.spiders.log_] WARNING: {'name': '赵老师', 'title': '高级讲师'}
2020-06-03 23:14:17 [mySpider.spiders.log_] WARNING: {'name': '闻老师', 'title': '高级讲师'}
2020-06-03 23:14:17 [mySpider.spiders.log_] WARNING: {'name': '周老师', 'title': '高级讲师'}
2020-06-03 23:14:17 [mySpider.spiders.log_] WARNING: {'name': '陈老师', 'title': '高级讲师'}
2020-06-03 23:14:17 [mySpider.spiders.log_] WARNING: {'name': '康老师', 'title': '高级讲师'}
2020-06-03 23:14:17 [mySpider.spiders.log_] WARNING: {'name': '曹老师', 'title': '高级讲师'}
2020-06-03 23:14:17 [mySpider.spiders.log_] WARNING: {'name': '江老师', 'title': '高级讲师'}
2020-06-03 23:14:17 [mySpider.spiders.log_] WARNING: {'name': '唐老师', 'title': '高级讲师'}
2020-06-03 23:14:17 [mySpider.spiders.log_] WARNING: {'name': '孔老师', 'title': '高级讲师'}
2020-06-03 23:14:17 [mySpider.spiders.log_] WARNING: {'name': '李老师', 'title': '高级讲师'}
2020-06-03 23:14:17 [mySpider.spiders.log_] WARNING: {'name': '王老师', 'title': '高级讲师'}
2020-06-03 23:14:17 [mySpider.spiders.log_] WARNING: {'name': '魏老师', 'title': '高级讲师'}
2020-06-03 23:14:17 [mySpider.spiders.log_] WARNING: {'name': '孙老师', 'title': '高级讲师'}
2020-06-03 23:14:17 [mySpider.spiders.log_] WARNING: {'name': '殷老师', 'title': '高级讲师'}
2020-06-03 23:14:17 [mySpider.spiders.log_] WARNING: {'name': '高老师', 'title': '高级讲师'}
2020-06-03 23:14:17 [mySpider.spiders.log_] WARNING: {'name': '吴老师', 'title': '高级讲师'}
2020-06-03 23:14:17 [mySpider.spiders.log_] WARNING: {'name': '张老师', 'title': '高级讲师'}
2020-06-03 23:14:17 [mySpider.spiders.log_] WARNING: {'name': '张老师', 'title': '高级讲师'}
2020-06-03 23:14:17 [mySpider.spiders.log_] WARNING: {'name': '朱老师', 'title': '高级讲师'}
2020-06-03 23:14:17 [mySpider.spiders.log_] WARNING: {'name': '骆老师', 'title': '高级讲师'}
2020-06-03 23:14:17 [mySpider.spiders.log_] WARNING: {'name': '王老师', 'title': '高级讲师'}
2020-06-03 23:14:17 [mySpider.spiders.log_] WARNING: {'name': '梁老师', 'title': '高级讲师'}
2020-06-03 23:14:17 [mySpider.spiders.log_] WARNING: {'name': '王老师', 'title': '高级讲师'}
2020-06-03 23:14:17 [mySpider.spiders.log_] WARNING: {'name': '李老师', 'title': '高级讲师'}
2020-06-03 23:14:17 [mySpider.spiders.log_] WARNING: {'name': '刘老师', 'title': '高级讲师'}
2020-06-03 23:14:17 [mySpider.spiders.log_] WARNING: {'name': '杜老师', 'title': '高级讲师'}
2020-06-03 23:14:17 [mySpider.spiders.log_] WARNING: {'name': '刘老师', 'title': '高级讲师'}
2020-06-03 23:14:17 [mySpider.spiders.log_] WARNING: {'name': '张老师', 'title': '高级讲师'}
2020-06-03 23:14:17 [mySpider.spiders.log_] WARNING: {'name': '王老师', 'title': '高级讲师'}
2020-06-03 23:14:17 [mySpider.spiders.log_] WARNING: {'name': '孟老师', 'title': '高级讲师'}
2020-06-03 23:14:17 [mySpider.spiders.log_] WARNING: {'name': ' 邓老师', 'title': '高级讲师'}
2020-06-03 23:14:17 [mySpider.spiders.log_] WARNING: {'name': '苏老师', 'title': '高级讲师'}
2020-06-03 23:14:17 [mySpider.spiders.log_] WARNING: {'name': '段老师', 'title': '高级讲师'}
2020-06-03 23:14:17 [mySpider.spiders.log_] WARNING: {'name': '李老师', 'title': '高级讲师'}
2020-06-03 23:14:17 [mySpider.spiders.log_] WARNING: {'name': '汤老师', 'title': '高级讲师'}
2020-06-03 23:14:17 [mySpider.spiders.log_] WARNING: {'name': '赵老师', 'title': '高级讲师'}
2020-06-03 23:14:17 [mySpider.spiders.log_] WARNING: {'name': '周老师', 'title': '高级讲师'}
2020-06-03 23:14:17 [mySpider.spiders.log_] WARNING: {'name': '凡老师', 'title': '高级讲师'}
2020-06-03 23:14:17 [mySpider.spiders.log_] WARNING: {'name': '高老师', 'title': '高级讲师'}
2020-06-03 23:14:17 [mySpider.spiders.log_] WARNING: {'name': '刘老师', 'title': '高级讲师'}
2020-06-03 23:14:17 [mySpider.spiders.log_] WARNING: {'name': '刘老师', 'title': '高级讲师'}
2020-06-03 23:14:17 [mySpider.spiders.log_] WARNING: {'name': '苏老师', 'title': '高级讲师'}
2020-06-03 23:14:17 [mySpider.spiders.log_] WARNING: {'name': '王老师', 'title': '高级讲师'}
2020-06-03 23:14:17 [mySpider.spiders.log_] WARNING: {'name': '谢老师', 'title': '高级讲师'}
2020-06-03 23:14:17 [mySpider.spiders.log_] WARNING: {'name': '江老师', 'title': '高级讲师'}
2020-06-03 23:14:17 [mySpider.spiders.log_] WARNING: {'name': '彭老师', 'title': '高级讲师'}
2020-06-03 23:14:17 [mySpider.spiders.log_] WARNING: {'name': '胡老师', 'title': '高级讲师'}
2020-06-03 23:14:17 [mySpider.spiders.log_] WARNING: {'name': '王老师', 'title': '高级讲师'}
2020-06-03 23:14:17 [mySpider.spiders.log_] WARNING: {'name': '黄老师', 'title': '高级讲师'}
2020-06-03 23:14:17 [mySpider.spiders.log_] WARNING: {'name': '董老师', 'title': '高级讲师'}
2020-06-03 23:14:17 [mySpider.spiders.log_] WARNING: {'name': '林老师', 'title': '高级讲师'}
2020-06-03 23:14:17 [mySpider.spiders.log_] WARNING: {'name': '刘老师', 'title': '高级讲师'}
2020-06-03 23:14:17 [mySpider.spiders.log_] WARNING: {'name': '王老师', 'title': '高级讲师'}
2020-06-03 23:14:17 [mySpider.spiders.log_] WARNING: {'name': '于老师', 'title': '高级讲师'}
2020-06-03 23:14:17 [mySpider.spiders.log_] WARNING: {'name': '张老师', 'title': '高级讲师'}
2020-06-03 23:14:17 [mySpider.spiders.log_] WARNING: {'name': '周老师', 'title': '高级讲师'}
2020-06-03 23:14:17 [mySpider.spiders.log_] WARNING: {'name': '邹老师', 'title': '高级讲师'}
2020-06-03 23:14:17 [mySpider.spiders.log_] WARNING: {'name': '王老师', 'title': '高级讲师'}
2020-06-03 23:14:17 [mySpider.spiders.log_] WARNING: {'name': '王老师', 'title': '高级讲师'}
2020-06-03 23:14:17 [mySpider.spiders.log_] WARNING: {'name': '张老师', 'title': '高级讲师'}
2020-06-03 23:14:17 [mySpider.spiders.log_] WARNING: {'name': '刘老师', 'title': '高级讲师'}
2020-06-03 23:14:17 [mySpider.spiders.log_] WARNING: {'name': '易老师', 'title': '高级讲师'}
2020-06-03 23:14:17 [mySpider.spiders.log_] WARNING: {'name': '毛老师', 'title': '高级讲师'}
2020-06-03 23:14:17 [mySpider.spiders.log_] WARNING: {'name': '邱老师', 'title': '高级讲师'}
2020-06-03 23:14:17 [mySpider.spiders.log_] WARNING: {'name': '王老师', 'title': '高级讲师'}
2020-06-03 23:14:17 [mySpider.spiders.log_] WARNING: {'name': '冯老师', 'title': '高级讲师'}
2020-06-03 23:14:17 [mySpider.spiders.log_] WARNING: {'name': '黄老师', 'title': '高级讲师'}
2020-06-03 23:14:17 [mySpider.spiders.log_] WARNING: {'name': '宋老师', 'title': '高级讲师'}
2020-06-03 23:14:17 [mySpider.spiders.log_] WARNING: {'name': '王老师', 'title': '高级讲师'}
2020-06-03 23:14:17 [mySpider.spiders.log_] WARNING: {'name': '肖老师', 'title': '高级讲师'}
2020-06-03 23:14:17 [mySpider.spiders.log_] WARNING: {'name': '殷老师', 'title': '高级讲师'}
2020-06-03 23:14:17 [mySpider.spiders.log_] WARNING: {'name': '郑老师', 'title': '高级讲师'}
2020-06-03 23:14:17 [mySpider.spiders.log_] WARNING: {'name': '刘老师', 'title': '高级讲师'}
2020-06-03 23:14:17 [mySpider.spiders.log_] WARNING: {'name': '董老师', 'title': '高级讲师'}
2020-06-03 23:14:17 [mySpider.spiders.log_] WARNING: {'name': '黄老师', 'title': '高级讲师'}
2020-06-03 23:14:17 [mySpider.spiders.log_] WARNING: {'name': '马老师', 'title': '高级讲师'}
2020-06-03 23:14:17 [mySpider.spiders.log_] WARNING: {'name': '滕老师', 'title': '高级讲师'}
2020-06-03 23:14:17 [mySpider.spiders.log_] WARNING: {'name': '郑老师', 'title': '高级讲师'}
2020-06-03 23:14:17 [mySpider.spiders.log_] WARNING: {'name': '胡老师', 'title': '高级讲师'}
2020-06-03 23:14:17 [mySpider.spiders.log_] WARNING: {'name': '芮老师', 'title': '高级讲师'}
2020-06-03 23:14:17 [mySpider.spiders.log_] WARNING: {'name': '何老师', 'title': '高级讲师'}
2020-06-03 23:14:17 [mySpider.spiders.log_] WARNING: {'name': '蒋老师', 'title': '高级讲师'}
2020-06-03 23:14:17 [mySpider.spiders.log_] WARNING: {'name': '李老师', 'title': '高级讲师'}
2020-06-03 23:14:17 [mySpider.spiders.log_] WARNING: {'name': '刘老师', 'title': '高级讲师'}
2020-06-03 23:14:17 [mySpider.spiders.log_] WARNING: {'name': '罗老师', 'title': '高级讲师'}
2020-06-03 23:14:17 [mySpider.spiders.log_] WARNING: {'name': '马老师', 'title': '高级讲师'}
2020-06-03 23:14:17 [mySpider.spiders.log_] WARNING: {'name': '潘老师', 'title': '高级讲师'}
2020-06-03 23:14:17 [mySpider.spiders.log_] WARNING: {'name': '沈老师', 'title': '高级讲师'}
2020-06-03 23:14:17 [mySpider.spiders.log_] WARNING: {'name': '王老师', 'title': '高级讲师'}
2020-06-03 23:14:17 [mySpider.spiders.log_] WARNING: {'name': '许老师', 'title': '高级讲师'}
2020-06-03 23:14:17 [mySpider.spiders.log_] WARNING: {'name': '范老师', 'title': '高级讲师'}
2020-06-03 23:14:17 [mySpider.spiders.log_] WARNING: {'name': '孔老师', 'title': '高级讲师'}
2020-06-03 23:14:17 [mySpider.spiders.log_] WARNING: {'name': '李老师', 'title': '高级讲师'}
2020-06-03 23:14:17 [mySpider.spiders.log_] WARNING: {'name': '熊老师', 'title': '高级讲师'}
2020-06-03 23:14:17 [mySpider.spiders.log_] WARNING: {'name': '徐老师', 'title': '高级讲师'}
2020-06-03 23:14:17 [mySpider.spiders.log_] WARNING: {'name': '张老师', 'title': '高级讲师'}
2020-06-03 23:14:17 [mySpider.spiders.log_] WARNING: {'name': '刘老师', 'title': '高级讲师'}
2020-06-03 23:14:17 [mySpider.spiders.log_] WARNING: {'name': '郑老师', 'title': '高级讲师'}
2020-06-03 23:14:17 [mySpider.spiders.log_] WARNING: {'name': '柏老师', 'title': '高级讲师'}
2020-06-03 23:14:17 [mySpider.spiders.log_] WARNING: {'name': '苏老师', 'title': '高级讲师'}
2020-06-03 23:14:17 [mySpider.spiders.log_] WARNING: {'name': '王老师', 'title': '高级讲师'}
2020-06-03 23:14:17 [mySpider.spiders.log_] WARNING: {'name': '张老师', 'title': '高级讲师'}
2020-06-03 23:14:17 [mySpider.spiders.log_] WARNING: {'name': '伍老师', 'title': '高级讲师'}
2020-06-03 23:14:17 [mySpider.spiders.log_] WARNING: {'name': '万老师', 'title': '高级讲师'}
2020-06-03 23:14:17 [mySpider.spiders.log_] WARNING: {'name': '朱老师', 'title': '高级讲师'}
2020-06-03 23:14:17 [mySpider.spiders.log_] WARNING: {'name': '梁老师', 'title': '高级讲师'}
2020-06-03 23:14:17 [mySpider.spiders.log_] WARNING: {'name': '郑老师', 'title': '高级讲师'}
2020-06-03 23:14:17 [mySpider.spiders.log_] WARNING: {'name': '郑老师', 'title': '高级讲师'}
2020-06-03 23:14:17 [mySpider.spiders.log_] WARNING: {'name': '陈老师', 'title': '高级讲师'}
2020-06-03 23:14:17 [mySpider.spiders.log_] WARNING: {'name': '韩老师', 'title': '高级讲师'}
2020-06-03 23:14:17 [mySpider.spiders.log_] WARNING: {'name': '梁老师', 'title': '高级讲师'}
2020-06-03 23:14:17 [mySpider.spiders.log_] WARNING: {'name': '刘老师', 'title': '高级讲师'}
2020-06-03 23:14:17 [mySpider.spiders.log_] WARNING: {'name': '刘老师', 'title': '高级讲师'}
2020-06-03 23:14:17 [mySpider.spiders.log_] WARNING: {'name': '卢老师', 'title': '高级讲师'}
2020-06-03 23:14:17 [mySpider.spiders.log_] WARNING: {'name': '石老师', 'title': '高级讲师'}
2020-06-03 23:14:17 [mySpider.spiders.log_] WARNING: {'name': '孙老师', 'title': '高级讲师'}
2020-06-03 23:14:17 [mySpider.spiders.log_] WARNING: {'name': '王老师', 'title': '高级讲师'}
2020-06-03 23:14:17 [mySpider.spiders.log_] WARNING: {'name': '邢老师', 'title': '高级讲师'}
2020-06-03 23:14:17 [mySpider.spiders.log_] WARNING: {'name': '王老师', 'title': '高级讲师'}
2020-06-03 23:14:17 [mySpider.spiders.log_] WARNING: {'name': '信老师', 'title': '高级讲师'}
2020-06-03 23:14:17 [mySpider.spiders.log_] WARNING: {'name': '肖老师', 'title': '高级讲师'}
2020-06-03 23:14:17 [mySpider.spiders.log_] WARNING: {'name': '王老师', 'title': '高级讲师'}
2020-06-03 23:14:17 [mySpider.spiders.log_] WARNING: {'name': '雷老师', 'title': '高级讲师'}
2020-06-03 23:14:17 [mySpider.spiders.log_] WARNING: {'name': '彭老师', 'title': '高级讲师'}
2020-06-03 23:14:17 [mySpider.spiders.log_] WARNING: {'name': '杨老师', 'title': '高级讲师'}
2020-06-03 23:14:17 [mySpider.spiders.log_] WARNING: {'name': '周老师', 'title': '高级讲师'}
2020-06-03 23:14:17 [mySpider.spiders.log_] WARNING: {'name': '马老师', 'title': '高级讲师'}
2020-06-03 23:14:17 [mySpider.spiders.log_] WARNING: {'name': '李老师', 'title': '高级讲师'}
2020-06-03 23:14:17 [mySpider.spiders.log_] WARNING: {'name': '高老师', 'title': '高级讲师'}
2020-06-03 23:14:17 [mySpider.spiders.log_] WARNING: {'name': '谭老师', 'title': '高级讲师'}
2020-06-03 23:14:17 [mySpider.spiders.log_] WARNING: {'name': '王老师', 'title': '高级讲师'}
2020-06-03 23:14:17 [mySpider.spiders.log_] WARNING: {'name': '杨老师', 'title': '高级讲师'}
2020-06-03 23:14:17 [mySpider.spiders.log_] WARNING: {'name': '刘老师', 'title': '高级讲师'}
2020-06-03 23:14:17 [mySpider.spiders.log_] WARNING: {'name': '彭老师', 'title': '高级讲师'}
2020-06-03 23:14:17 [mySpider.spiders.log_] WARNING: {'name': '丛老师', 'title': '高级讲师'}
2020-06-03 23:14:17 [mySpider.spiders.log_] WARNING: {'name': '刘老师', 'title': '高级讲师'}
2020-06-03 23:14:17 [mySpider.spiders.log_] WARNING: {'name': '陈老师', 'title': '高级讲师'}
2020-06-03 23:14:17 [mySpider.spiders.log_] WARNING: {'name': '梁老师', 'title': '高级讲师'}
2020-06-03 23:14:17 [mySpider.spiders.log_] WARNING: {'name': '岳老师', 'title': '高级讲师'}
2020-06-03 23:14:17 [mySpider.spiders.log_] WARNING: {'name': '袁老师', 'title': '高级讲师'}
2020-06-03 23:14:17 [mySpider.spiders.log_] WARNING: {'name': '宋老师', 'title': '高级讲师'}
2020-06-03 23:14:17 [mySpider.spiders.log_] WARNING: {'name': '杨老师', 'title': '高级讲师'}
2020-06-03 23:14:17 [mySpider.spiders.log_] WARNING: {'name': '刘老师', 'title': '高级讲师'}
2020-06-03 23:14:17 [mySpider.spiders.log_] WARNING: {'name': '张老师', 'title': '高级讲师'}
2020-06-03 23:14:17 [mySpider.spiders.log_] WARNING: {'name': '王老师', 'title': '高级讲师'}
2020-06-03 23:14:17 [mySpider.spiders.log_] WARNING: {'name': '曾老师', 'title': '高级讲师'}
2020-06-03 23:14:17 [mySpider.spiders.log_] WARNING: {'name': '许老师', 'title': '高级讲师'}
2020-06-03 23:14:17 [mySpider.spiders.log_] WARNING: {'name': '金老师', 'title': '高级讲师'}
2020-06-03 23:14:17 [mySpider.spiders.log_] WARNING: {'name': '贺老师', 'title': '高级讲师'}
2020-06-03 23:14:17 [mySpider.spiders.log_] WARNING: {'name': '梁老师', 'title': '高级讲师'}
2020-06-03 23:14:17 [mySpider.spiders.log_] WARNING: {'name': '高老师', 'title': '高级讲师'}
2020-06-03 23:14:17 [mySpider.spiders.log_] WARNING: {'name': '欧老师', 'title': '高级讲师'}
2020-06-03 23:14:17 [mySpider.spiders.log_] WARNING: {'name': '刘老师', 'title': '高级讲师'}
2020-06-03 23:14:17 [mySpider.spiders.log_] WARNING: {'name': '方老师', 'title': '高级讲师'}
2020-06-03 23:14:17 [mySpider.spiders.log_] WARNING: {'name': '郭老师', 'title': '高级讲师'}
2020-06-03 23:14:17 [mySpider.spiders.log_] WARNING: {'name': '廖老师', 'title': '高级讲师'}
2020-06-03 23:14:17 [mySpider.spiders.log_] WARNING: {'name': '薛老师', 'title': '高级讲师'}
2020-06-03 23:14:17 [mySpider.spiders.log_] WARNING: {'name': '李老师', 'title': '高级讲师'}
2020-06-03 23:14:17 [mySpider.spiders.log_] WARNING: {'name': '王老师', 'title': '高级讲师'}
2020-06-03 23:14:17 [mySpider.spiders.log_] WARNING: {'name': '赵老师', 'title': '高级讲师'}
2020-06-03 23:14:17 [mySpider.spiders.log_] WARNING: {'name': '林老师', 'title': '高级讲师'}
2020-06-03 23:14:17 [mySpider.spiders.log_] WARNING: {'name': '吴老师', 'title': '高级讲师'}
2020-06-03 23:14:17 [mySpider.spiders.log_] WARNING: {'name': '汪老师', 'title': '高级讲师'}
2020-06-03 23:14:17 [mySpider.spiders.log_] WARNING: {'name': '闫老师', 'title': '高级讲师'}
2020-06-03 23:14:17 [mySpider.spiders.log_] WARNING: {'name': '许老师', 'title': '高级讲师'}
2020-06-03 23:14:17 [mySpider.spiders.log_] WARNING: {'name': '杨老师', 'title': '高级讲师'}
2020-06-03 23:14:17 [mySpider.spiders.log_] WARNING: {'name': '贾老师', 'title': '高级讲师'}
2020-06-03 23:14:17 [mySpider.spiders.log_] WARNING: {'name': '周老师', 'title': '高级讲师'}
2020-06-03 23:14:17 [mySpider.spiders.log_] WARNING: {'name': '雷老师', 'title': '高级讲师'}
2020-06-03 23:14:17 [mySpider.spiders.log_] WARNING: {'name': '李老师', 'title': '高级讲师'}
2020-06-03 23:14:17 [mySpider.spiders.log_] WARNING: {'name': '王老师', 'title': '高级讲师'}
2020-06-03 23:14:17 [mySpider.spiders.log_] WARNING: {'name': '邓老师', 'title': '高级讲师'}
2020-06-03 23:14:17 [mySpider.spiders.log_] WARNING: {'name': '龚老师', 'title': '高级讲师'}
2020-06-03 23:14:17 [mySpider.spiders.log_] WARNING: {'name': '薛老师', 'title': '高级讲师'}
2020-06-03 23:14:17 [mySpider.spiders.log_] WARNING: {'name': '李老师', 'title': '高级讲师'}
2020-06-03 23:14:17 [mySpider.spiders.log_] WARNING: {'name': '王老师', 'title': '高级讲师'}
2020-06-03 23:14:17 [mySpider.spiders.log_] WARNING: {'name': '杨老师', 'title': '高级讲师'}
2020-06-03 23:14:17 [mySpider.spiders.log_] WARNING: {'name': '马老师', 'title': '高级讲师'}
2020-06-03 23:14:17 [mySpider.spiders.log_] WARNING: {'name': '詹老师', 'title': '高级讲师'}
2020-06-03 23:14:17 [mySpider.spiders.log_] WARNING: {'name': '郭老师', 'title': '高级讲师'}
2020-06-03 23:14:17 [mySpider.spiders.log_] WARNING: {'name': '黄老师', 'title': '高级讲师'}
2020-06-03 23:14:17 [mySpider.spiders.log_] WARNING: {'name': '金老师', 'title': '高级讲师'}
2020-06-03 23:14:17 [mySpider.spiders.log_] WARNING: {'name': '林老师', 'title': '高级讲师'}
2020-06-03 23:14:17 [mySpider.spiders.log_] WARNING: {'name': '芦老师', 'title': '高级讲师'}
2020-06-03 23:14:17 [mySpider.spiders.log_] WARNING: {'name': '吕老师', 'title': '高级讲师'}
2020-06-03 23:14:17 [mySpider.spiders.log_] WARNING: {'name': '马老师', 'title': '高级讲师'}
2020-06-03 23:14:17 [mySpider.spiders.log_] WARNING: {'name': '师老师', 'title': '高级讲师'}
2020-06-03 23:14:17 [mySpider.spiders.log_] WARNING: {'name': '魏老师', 'title': '高级讲师'}
2020-06-03 23:14:17 [mySpider.spiders.log_] WARNING: {'name': '许老师', 'title': '高级讲师'}
2020-06-03 23:14:17 [mySpider.spiders.log_] WARNING: {'name': '杨老师', 'title': '高级讲师'}
2020-06-03 23:14:17 [mySpider.spiders.log_] WARNING: {'name': '杨老师', 'title': '高级讲师'}
2020-06-03 23:14:17 [mySpider.spiders.log_] WARNING: {'name': '于老师', 'title': '高级讲师'}
2020-06-03 23:14:17 [mySpider.spiders.log_] WARNING: {'name': '张老师', 'title': '高级讲师'}
2020-06-03 23:14:17 [mySpider.spiders.log_] WARNING: {'name': '张老师', 'title': '高级讲师'}
2020-06-03 23:14:17 [mySpider.spiders.log_] WARNING: {'name': '赵老师', 'title': '高级讲师'}
2020-06-03 23:14:17 [mySpider.spiders.log_] WARNING: {'name': '周老师', 'title': '高级讲师'}
2020-06-03 23:14:17 [mySpider.spiders.log_] WARNING: {'name': '许老师', 'title': '高级讲师'}
2020-06-03 23:14:17 [mySpider.spiders.log_] WARNING: {'name': '石老师', 'title': '高级讲师'}
2020-06-03 23:14:17 [mySpider.spiders.log_] WARNING: {'name': '白老师', 'title': '高级讲师'}
2020-06-03 23:14:17 [mySpider.spiders.log_] WARNING: {'name': '黄老师', 'title': '高级讲师'}
2020-06-03 23:14:17 [mySpider.spiders.log_] WARNING: {'name': '刘老师', 'title': '高级讲师'}
2020-06-03 23:14:17 [mySpider.spiders.log_] WARNING: {'name': '孙老师', 'title': '高级讲师'}
2020-06-03 23:14:17 [mySpider.spiders.log_] WARNING: {'name': '魏老师', 'title': '高级讲师'}
2020-06-03 23:14:17 [mySpider.spiders.log_] WARNING: {'name': '杨老师', 'title': '高级讲师'}
2020-06-03 23:14:17 [mySpider.spiders.log_] WARNING: {'name': '于老师', 'title': '高级讲师'}
2020-06-03 23:14:17 [mySpider.spiders.log_] WARNING: {'name': '赵老师', 'title': '高级讲师'}
2020-06-03 23:14:17 [mySpider.spiders.log_] WARNING: {'name': '王老师', 'title': '高级讲师'}
2020-06-03 23:14:17 [mySpider.spiders.log_] WARNING: {'name': '郝老师', 'title': '高级讲师'}
2020-06-03 23:14:17 [mySpider.spiders.log_] WARNING: {'name': '李老师', 'title': '高级讲师'}
2020-06-03 23:14:17 [mySpider.spiders.log_] WARNING: {'name': '姜老师', 'title': '高级讲师'}
2020-06-03 23:14:17 [mySpider.spiders.log_] WARNING: {'name': '辛老师', 'title': '高级讲师'}
2020-06-03 23:14:17 [mySpider.spiders.log_] WARNING: {'name': '王老师', 'title': '高级讲师'}
2020-06-03 23:14:17 [mySpider.spiders.log_] WARNING: {'name': '叶老师', 'title': '高级讲师'}
2020-06-03 23:14:17 [mySpider.spiders.log_] WARNING: {'name': '李老师', 'title': '高级讲师'}
2020-06-03 23:14:17 [mySpider.spiders.log_] WARNING: {'name': '余老师', 'title': '高级讲师'}
2020-06-03 23:14:17 [mySpider.spiders.log_] WARNING: {'name': '彭老师', 'title': '高级讲师'}
2020-06-03 23:14:17 [mySpider.spiders.log_] WARNING: {'name': '沈老师', 'title': '高级讲师'}
2020-06-03 23:14:17 [mySpider.spiders.log_] WARNING: {'name': '刘老师', 'title': '高级讲师'}
2020-06-03 23:14:17 [mySpider.spiders.log_] WARNING: {'name': '刘老师', 'title': '高级讲师'}
2020-06-03 23:14:17 [mySpider.spiders.log_] WARNING: {'name': '贺老师', 'title': '高级讲师'}
2020-06-03 23:14:17 [mySpider.spiders.log_] WARNING: {'name': '凡老师', 'title': '高级讲师'}
2020-06-03 23:14:17 [mySpider.spiders.log_] WARNING: {'name': '欧阳老师', 'title': '高级讲师'}
2020-06-03 23:14:17 [mySpider.spiders.log_] WARNING: {'name': '郭老师', 'title': '高级讲师'}
2020-06-03 23:14:17 [mySpider.spiders.log_] WARNING: {'name': '符老师', 'title': '高级讲师'}
2020-06-03 23:14:17 [mySpider.spiders.log_] WARNING: {'name': '黄老师', 'title': '高级讲师'}
2020-06-03 23:14:17 [mySpider.spiders.log_] WARNING: {'name': '黄老师', 'title': '高级讲师'}
2020-06-03 23:14:17 [mySpider.spiders.log_] WARNING: {'name': '刘老师', 'title': '高级讲师'}
2020-06-03 23:14:17 [mySpider.spiders.log_] WARNING: {'name': '罗老师', 'title': '高级讲师'}
2020-06-03 23:14:17 [mySpider.spiders.log_] WARNING: {'name': '熊老师', 'title': '高级讲师'}
2020-06-03 23:14:17 [mySpider.spiders.log_] WARNING: {'name': '高老师', 'title': '高级讲师'}
2020-06-03 23:14:17 [mySpider.spiders.log_] WARNING: {'name': '郭老师', 'title': '高级讲师'}
2020-06-03 23:14:17 [mySpider.spiders.log_] WARNING: {'name': '胡老师', 'title': '高级讲师'}
2020-06-03 23:14:17 [mySpider.spiders.log_] WARNING: {'name': '李老师', 'title': '高级讲师'}
2020-06-03 23:14:17 [mySpider.spiders.log_] WARNING: {'name': '刘老师', 'title': '高级讲师'}
2020-06-03 23:14:17 [mySpider.spiders.log_] WARNING: {'name': '唐老师', 'title': '高级讲师'}
2020-06-03 23:14:17 [mySpider.spiders.log_] WARNING: {'name': '袁老师', 'title': '高级讲师'}
2020-06-03 23:14:17 [mySpider.spiders.log_] WARNING: {'name': '岳老师', 'title': '高级讲师'}
2020-06-03 23:14:17 [mySpider.spiders.log_] WARNING: {'name': '白老师', 'title': '高级讲师'}
2020-06-03 23:14:17 [mySpider.spiders.log_] WARNING: {'name': '姜老师', 'title': '高级讲师'}
2020-06-03 23:14:17 [mySpider.spiders.log_] WARNING: {'name': '王老师', 'title': '高级讲师'}
2020-06-03 23:14:17 [mySpider.spiders.log_] WARNING: {'name': '叶老师', 'title': '高级讲师'}
2020-06-03 23:14:17 [mySpider.spiders.log_] WARNING: {'name': '邓老师', 'title': '高级讲师'}
2020-06-03 23:14:17 [mySpider.spiders.log_] WARNING: {'name': '付老师', 'title': '高级讲师'}
2020-06-03 23:14:17 [mySpider.spiders.log_] WARNING: {'name': '付老师', 'title': '高级讲师'}
2020-06-03 23:14:17 [mySpider.spiders.log_] WARNING: {'name': '高老师', 'title': '高级讲师'}
2020-06-03 23:14:17 [mySpider.spiders.log_] WARNING: {'name': '李老师', 'title': '高级讲师'}
2020-06-03 23:14:17 [mySpider.spiders.log_] WARNING: {'name': '李老师', 'title': '高级讲师'}
2020-06-03 23:14:17 [mySpider.spiders.log_] WARNING: {'name': '吕老师', 'title': '高级讲师'}
2020-06-03 23:14:17 [mySpider.spiders.log_] WARNING: {'name': '满老师', 'title': '高级讲师'}
2020-06-03 23:14:17 [mySpider.spiders.log_] WARNING: {'name': '袁老师', 'title': '高级讲师'}
2020-06-03 23:14:17 [mySpider.spiders.log_] WARNING: {'name': '张老师', 'title': '高级讲师'}
2020-06-03 23:14:17 [mySpider.spiders.log_] WARNING: {'name': '李老师', 'title': '高级讲师'}
2020-06-03 23:14:17 [mySpider.spiders.log_] WARNING: {'name': '王老师', 'title': '高级讲师'}
2020-06-03 23:14:17 [mySpider.spiders.log_] WARNING: {'name': '王老师', 'title': '高级讲师'}
2020-06-03 23:14:17 [mySpider.spiders.log_] WARNING: {'name': '王老师', 'title': '高级讲师'}
2020-06-03 23:14:17 [mySpider.spiders.log_] WARNING: {'name': '颜老师', 'title': '高级讲师'}
2020-06-03 23:14:17 [mySpider.spiders.log_] WARNING: {'name': '张老师', 'title': '高级讲师'}
2020-06-03 23:14:17 [mySpider.spiders.log_] WARNING: {'name': '张老师', 'title': '高级讲师'}
2020-06-03 23:14:17 [mySpider.spiders.log_] WARNING: {'name': '朱老师', 'title': '高级讲师'}
2020-06-03 23:14:17 [mySpider.spiders.log_] WARNING: {'name': '钟老师', 'title': '高级讲师'}
2020-06-03 23:14:17 [mySpider.spiders.log_] WARNING: {'name': '陈老师', 'title': '高级讲师'}
2020-06-03 23:14:17 [mySpider.spiders.log_] WARNING: {'name': '刘老师', 'title': '高级讲师'}
2020-06-03 23:14:17 [mySpider.spiders.log_] WARNING: {'name': '肖老师', 'title': '高级讲师'}
2020-06-03 23:14:17 [mySpider.spiders.log_] WARNING: {'name': '徐老师', 'title': '高级讲师'}
2020-06-03 23:14:17 [mySpider.spiders.log_] WARNING: {'name': '周老师', 'title': '高级讲师'}
2020-06-03 23:14:17 [mySpider.spiders.log_] WARNING: {'name': '陈老师', 'title': '高级讲师'}
2020-06-03 23:14:17 [mySpider.spiders.log_] WARNING: {'name': '年老师', 'title': '高级讲师'}
2020-06-03 23:14:17 [mySpider.spiders.log_] WARNING: {'name': '陈老师', 'title': '高级讲师'}
2020-06-03 23:14:17 [mySpider.spiders.log_] WARNING: {'name': '张老师', 'title': '高级讲师'}
2020-06-03 23:14:17 [mySpider.spiders.log_] WARNING: {'name': '周老师', 'title': '高级讲师'}
2020-06-03 23:14:17 [mySpider.spiders.log_] WARNING: {'name': '高老师', 'title': '高级讲师'}
2020-06-03 23:14:17 [mySpider.spiders.log_] WARNING: {'name': '陈老师', 'title': '高级讲师'}
2020-06-03 23:14:17 [mySpider.spiders.log_] WARNING: {'name': '陈老师', 'title': '高级讲师'}
2020-06-03 23:14:17 [mySpider.spiders.log_] WARNING: {'name': '黄老师', 'title': '高级讲师'}
2020-06-03 23:14:17 [mySpider.spiders.log_] WARNING: {'name': '施老师', 'title': '高级讲师'}
2020-06-03 23:14:17 [mySpider.spiders.log_] WARNING: {'name': '拓老师', 'title': '高级讲师'}
2020-06-03 23:14:17 [mySpider.spiders.log_] WARNING: {'name': '张老师\t', 'title': '高级讲师'}
2020-06-03 23:14:17 [mySpider.spiders.log_] WARNING: {'name': '陈老师', 'title': '高级讲师'}
2020-06-03 23:14:17 [mySpider.spiders.log_] WARNING: {'name': '彭老师', 'title': '高级讲师'}
2020-06-03 23:14:17 [mySpider.spiders.log_] WARNING: {'name': '徐老师', 'title': '高级讲师'}
2020-06-03 23:14:17 [mySpider.spiders.log_] WARNING: {'name': '邹老师', 'title': '高级讲师'}
2020-06-03 23:14:17 [mySpider.spiders.log_] WARNING: {'name': '陈老师', 'title': '高级讲师'}
2020-06-03 23:14:17 [mySpider.spiders.log_] WARNING: {'name': '程老师', 'title': '高级讲师'}
2020-06-03 23:14:17 [mySpider.spiders.log_] WARNING: {'name': '陈老师', 'title': '高级讲师'}
2020-06-03 23:14:17 [mySpider.spiders.log_] WARNING: {'name': '程老师', 'title': '高级讲师'}
2020-06-03 23:14:17 [mySpider.spiders.log_] WARNING: {'name': '李老师', 'title': '高级讲师'}
2020-06-03 23:14:17 [mySpider.spiders.log_] WARNING: {'name': '孙老师', 'title': '高级讲师'}
2020-06-03 23:14:17 [mySpider.spiders.log_] WARNING: {'name': '秦老师', 'title': '高级讲师'}
2020-06-03 23:14:17 [mySpider.spiders.log_] WARNING: {'name': '时老师', 'title': '高级讲师'}
2020-06-03 23:14:17 [mySpider.spiders.log_] WARNING: {'name': '束老师', 'title': '高级讲师'}
2020-06-03 23:14:17 [mySpider.spiders.log_] WARNING: {'name': '唐老师', 'title': '高级讲师'}
2020-06-03 23:14:17 [mySpider.spiders.log_] WARNING: {'name': '张老师', 'title': '高级讲师'}
2020-06-03 23:14:17 [mySpider.spiders.log_] WARNING: {'name': '王老师', 'title': '高级讲师'}
2020-06-03 23:14:17 [mySpider.spiders.log_] WARNING: {'name': '张老师', 'title': '高级讲师'}
2020-06-03 23:14:17 [mySpider.spiders.log_] WARNING: {'name': '许老师', 'title': '高级讲师'}
2020-06-03 23:14:17 [mySpider.spiders.log_] WARNING: {'name': '陈老师', 'title': '高级讲师'}
2020-06-03 23:14:17 [mySpider.spiders.log_] WARNING: {'name': '杜老师', 'title': '高级讲师'}
2020-06-03 23:14:17 [mySpider.spiders.log_] WARNING: {'name': '李老师', 'title': '高级讲师'}
2020-06-03 23:14:17 [mySpider.spiders.log_] WARNING: {'name': '李老师', 'title': '高级讲师'}
2020-06-03 23:14:17 [mySpider.spiders.log_] WARNING: {'name': '廖老师', 'title': '高级讲师'}
2020-06-03 23:14:17 [mySpider.spiders.log_] WARNING: {'name': '刘老师', 'title': '高级讲师'}
2020-06-03 23:14:17 [mySpider.spiders.log_] WARNING: {'name': '潘老师', 'title': '高级讲师'}
2020-06-03 23:14:17 [mySpider.spiders.log_] WARNING: {'name': '宋老师', 'title': '高级讲师'}
2020-06-03 23:14:17 [mySpider.spiders.log_] WARNING: {'name': '肖老师', 'title': '高级讲师'}
2020-06-03 23:14:17 [mySpider.spiders.log_] WARNING: {'name': '徐老师', 'title': '高级讲师'}
2020-06-03 23:14:17 [mySpider.spiders.log_] WARNING: {'name': '徐老师', 'title': '高级讲师'}
2020-06-03 23:14:17 [mySpider.spiders.log_] WARNING: {'name': '徐老师', 'title': '高级讲师'}
2020-06-03 23:14:17 [mySpider.spiders.log_] WARNING: {'name': '杨老师', 'title': '高级讲师'}
2020-06-03 23:14:17 [mySpider.spiders.log_] WARNING: {'name': '袁老师', 'title': '高级讲师'}
2020-06-03 23:14:17 [mySpider.spiders.log_] WARNING: {'name': '郑老师', 'title': '高级讲师'}
2020-06-03 23:14:17 [mySpider.spiders.log_] WARNING: {'name': '钟老师', 'title': '高级讲师'}
2020-06-03 23:14:17 [mySpider.spiders.log_] WARNING: {'name': '张老师', 'title': '高级讲师'}
2020-06-03 23:14:17 [mySpider.spiders.log_] WARNING: {'name': '何老师', 'title': '高级讲师'}
2020-06-03 23:14:17 [mySpider.spiders.log_] WARNING: {'name': '冀老师', 'title': '高级讲师'}
2020-06-03 23:14:17 [mySpider.spiders.log_] WARNING: {'name': '王老师', 'title': '高级讲师'}
2020-06-03 23:14:17 [mySpider.spiders.log_] WARNING: {'name': '孔老师', 'title': '高级讲师'}
2020-06-03 23:14:17 [mySpider.spiders.log_] WARNING: {'name': '狄老师', 'title': '高级讲师'}
2020-06-03 23:14:17 [mySpider.spiders.log_] WARNING: {'name': '冯老师', 'title': '高级讲师'}
2020-06-03 23:14:17 [mySpider.spiders.log_] WARNING: {'name': '刘老师', 'title': '高级讲师'}
2020-06-03 23:14:17 [mySpider.spiders.log_] WARNING: {'name': '梅老师', 'title': '高级讲师'}
2020-06-03 23:14:17 [mySpider.spiders.log_] WARNING: {'name': '魏老师', 'title': '高级讲师'}
2020-06-03 23:14:17 [mySpider.spiders.log_] WARNING: {'name': '夏老师', 'title': '高级讲师'}
2020-06-03 23:14:17 [mySpider.spiders.log_] WARNING: {'name': '尤老师', 'title': '高级讲师'}
2020-06-03 23:14:17 [mySpider.spiders.log_] WARNING: {'name': '张老师', 'title': '高级讲师'}
2020-06-03 23:14:17 [mySpider.spiders.log_] WARNING: {'name': '张老师', 'title': '高级讲师'}
2020-06-03 23:14:17 [mySpider.spiders.log_] WARNING: {'name': '张老师', 'title': '高级讲师'}
2020-06-03 23:14:17 [mySpider.spiders.log_] WARNING: {'name': '张老师', 'title': '高级讲师'}
2020-06-03 23:14:17 [mySpider.spiders.log_] WARNING: {'name': '张老师', 'title': '高级讲师'}
2020-06-03 23:14:17 [mySpider.spiders.log_] WARNING: {'name': '周老师', 'title': '高级讲师'}
2020-06-03 23:14:17 [mySpider.spiders.log_] WARNING: {'name': '吕老师', 'title': '高级讲师'}
2020-06-03 23:14:17 [mySpider.spiders.log_] WARNING: {'name': '阮老师', 'title': '高级讲师'}
2020-06-03 23:14:17 [mySpider.spiders.log_] WARNING: {'name': '陈老师', 'title': '高级讲师'}
2020-06-03 23:14:17 [mySpider.spiders.log_] WARNING: {'name': '冯老师', 'title': '高级讲师'}
2020-06-03 23:14:17 [mySpider.spiders.log_] WARNING: {'name': '谷老师', 'title': '高级讲师'}
2020-06-03 23:14:17 [mySpider.spiders.log_] WARNING: {'name': '江老师', 'title': '高级讲师'}
2020-06-03 23:14:17 [mySpider.spiders.log_] WARNING: {'name': '刘老师', 'title': '高级讲师'}
2020-06-03 23:14:17 [mySpider.spiders.log_] WARNING: {'name': '陆老师', 'title': '高级讲师'}
2020-06-03 23:14:17 [mySpider.spiders.log_] WARNING: {'name': '谈老师', 'title': '高级讲师'}
2020-06-03 23:14:17 [mySpider.spiders.log_] WARNING: {'name': '夏老师', 'title': '高级讲师'}
2020-06-03 23:14:17 [mySpider.spiders.log_] WARNING: {'name': '周老师', 'title': '高级讲师'}
2020-06-03 23:14:17 [mySpider.spiders.log_] WARNING: {'name': '张老师', 'title': '高级讲师'}
2020-06-03 23:14:17 [mySpider.spiders.log_] WARNING: {'name': '雷老师', 'title': '高级讲师'}
2020-06-03 23:14:17 [mySpider.spiders.log_] WARNING: {'name': '王老师', 'title': '高级讲师'}
2020-06-03 23:14:17 [mySpider.spiders.log_] WARNING: {'name': '田老师', 'title': '高级讲师'}
2020-06-03 23:14:17 [mySpider.spiders.log_] WARNING: {'name': '付老师', 'title': '高级讲师'}
2020-06-03 23:14:17 [mySpider.spiders.log_] WARNING: {'name': '何老师', 'title': '高级讲师'}
2020-06-03 23:14:17 [mySpider.spiders.log_] WARNING: {'name': '李老师', 'title': '高级讲师'}
2020-06-03 23:14:17 [mySpider.spiders.log_] WARNING: {'name': '刘老师', 'title': '高级讲师'}
2020-06-03 23:14:17 [mySpider.spiders.log_] WARNING: {'name': '王老师', 'title': '高级讲师'}
2020-06-03 23:14:17 [mySpider.spiders.log_] WARNING: {'name': '王老师', 'title': '高级讲师'}
2020-06-03 23:14:17 [mySpider.spiders.log_] WARNING: {'name': '饶老师', 'title': '高级讲师'}
2020-06-03 23:14:17 [mySpider.spiders.log_] WARNING: {'name': '杨老师', 'title': '高级讲师'}
2020-06-03 23:14:17 [mySpider.spiders.log_] WARNING: {'name': '赵老师', 'title': '高级讲师'}
2020-06-03 23:14:17 [mySpider.spiders.log_] WARNING: {'name': '张老师', 'title': '高级讲师'}
2020-06-03 23:14:17 [mySpider.spiders.log_] WARNING: {'name': '张老师', 'title': '高级讲师'}
2020-06-03 23:14:17 [mySpider.spiders.log_] WARNING: {'name': '陈老师', 'title': '高级讲师'}
2020-06-03 23:14:17 [mySpider.spiders.log_] WARNING: {'name': '娄老师', 'title': '高级讲师'}
2020-06-03 23:14:17 [mySpider.spiders.log_] WARNING: {'name': '惠老师', 'title': '高级讲师'}
2020-06-03 23:14:17 [mySpider.spiders.log_] WARNING: {'name': '郭老师', 'title': '高级讲师'}
2020-06-03 23:14:17 [mySpider.spiders.log_] WARNING: {'name': '朱老师\t', 'title': '高级讲师'}
2020-06-03 23:20:05 [mySpider.spiders.log_] WARNING: {'name': '王老师', 'title': '高级讲师'}
2020-06-03 23:20:05 [mySpider.spiders.log_] WARNING: {'name': '孙老师', 'title': '高级讲师'}
2020-06-03 23:20:05 [mySpider.spiders.log_] WARNING: {'name': '王老师', 'title': '高级讲师'}
2020-06-03 23:20:05 [mySpider.spiders.log_] WARNING: {'name': '陈老师', 'title': '高级讲师'}
2020-06-03 23:20:05 [mySpider.spiders.log_] WARNING: {'name': ' 金老师', 'title': '高级讲师'}
2020-06-03 23:20:05 [mySpider.spiders.log_] WARNING: {'name': '王老师', 'title': '高级讲师'}
2020-06-03 23:20:05 [mySpider.spiders.log_] WARNING: {'name': '曹老师', 'title': '高级讲师'}
2020-06-03 23:20:05 [mySpider.spiders.log_] WARNING: {'name': '谭老师', 'title': '高级讲师'}
2020-06-03 23:20:05 [mySpider.spiders.log_] WARNING: {'name': '王老师', 'title': '高级讲师'}
2020-06-03 23:20:05 [mySpider.spiders.log_] WARNING: {'name': '杨老师', 'title': '高级讲师'}
2020-06-03 23:20:05 [mySpider.spiders.log_] WARNING: {'name': '丛老师', 'title': '高级讲师'}
2020-06-03 23:20:05 [mySpider.spiders.log_] WARNING: {'name': '李老师', 'title': '高级讲师'}
2020-06-03 23:20:05 [mySpider.spiders.log_] WARNING: {'name': '邓老师', 'title': '高级讲师'}
2020-06-03 23:20:05 [mySpider.spiders.log_] WARNING: {'name': '杨老师', 'title': '高级讲师'}
2020-06-03 23:20:05 [mySpider.spiders.log_] WARNING: {'name': '曾老师', 'title': '高级讲师'}
2020-06-03 23:20:05 [mySpider.spiders.log_] WARNING: {'name': '赵老师', 'title': '高级讲师'}
2020-06-03 23:20:05 [mySpider.spiders.log_] WARNING: {'name': '王老师', 'title': '高级讲师'}
2020-06-03 23:20:05 [mySpider.spiders.log_] WARNING: {'name': '龙老师', 'title': '高级讲师'}
2020-06-03 23:20:05 [mySpider.spiders.log_] WARNING: {'name': '唐老师', 'title': '高级讲师'}
2020-06-03 23:20:05 [mySpider.spiders.log_] WARNING: {'name': '贾老师', 'title': '高级讲师'}
2020-06-03 23:20:05 [mySpider.spiders.log_] WARNING: {'name': '钱老师', 'title': '高级讲师'}
2020-06-03 23:20:05 [mySpider.spiders.log_] WARNING: {'name': '李老师', 'title': '高级讲师'}
2020-06-03 23:20:05 [mySpider.spiders.log_] WARNING: {'name': '孙老师', 'title': '高级讲师'}
2020-06-03 23:20:05 [mySpider.spiders.log_] WARNING: {'name': '刘老师', 'title': '高级讲师'}
2020-06-03 23:20:05 [mySpider.spiders.log_] WARNING: {'name': '李老师', 'title': '高级讲师'}
2020-06-03 23:20:05 [mySpider.spiders.log_] WARNING: {'name': '李老师', 'title': '高级讲师'}
2020-06-03 23:20:05 [mySpider.spiders.log_] WARNING: {'name': '刘老师', 'title': '高级讲师'}
2020-06-03 23:20:05 [mySpider.spiders.log_] WARNING: {'name': '朱老师', 'title': '高级讲师'}
2020-06-03 23:20:05 [mySpider.spiders.log_] WARNING: {'name': '许老师', 'title': '高级讲师'}
2020-06-03 23:20:05 [mySpider.spiders.log_] WARNING: {'name': '朱老师', 'title': '高级讲师'}
2020-06-03 23:20:05 [mySpider.spiders.log_] WARNING: {'name': '刘老师', 'title': '高级讲师'}
2020-06-03 23:20:05 [mySpider.spiders.log_] WARNING: {'name': '毛老师', 'title': '高级讲师'}
2020-06-03 23:20:05 [mySpider.spiders.log_] WARNING: {'name': '恩老师', 'title': '高级讲师'}
2020-06-03 23:20:05 [mySpider.spiders.log_] WARNING: {'name': '韩老师', 'title': '高级讲师'}
2020-06-03 23:20:05 [mySpider.spiders.log_] WARNING: {'name': '何老师', 'title': '高级讲师'}
2020-06-03 23:20:05 [mySpider.spiders.log_] WARNING: {'name': '肖老师', 'title': '高级讲师'}
2020-06-03 23:20:05 [mySpider.spiders.log_] WARNING: {'name': '邢老师', 'title': '高级讲师'}
2020-06-03 23:20:05 [mySpider.spiders.log_] WARNING: {'name': '王老师', 'title': '高级讲师'}
2020-06-03 23:20:05 [mySpider.spiders.log_] WARNING: {'name': '彭老师', 'title': '高级讲师'}
2020-06-03 23:20:05 [mySpider.spiders.log_] WARNING: {'name': '原老师', 'title': '高级讲师'}
2020-06-03 23:20:05 [mySpider.spiders.log_] WARNING: {'name': '刘老师', 'title': '高级讲师'}
2020-06-03 23:20:05 [mySpider.spiders.log_] WARNING: {'name': '张老师', 'title': '高级讲师'}
2020-06-03 23:20:05 [mySpider.spiders.log_] WARNING: {'name': '陈老师', 'title': '高级讲师'}
2020-06-03 23:20:05 [mySpider.spiders.log_] WARNING: {'name': '李老师', 'title': '高级讲师'}
2020-06-03 23:20:05 [mySpider.spiders.log_] WARNING: {'name': ' 惠老师', 'title': '高级讲师'}
2020-06-03 23:20:05 [mySpider.spiders.log_] WARNING: {'name': '张老师', 'title': '高级讲师'}
2020-06-03 23:20:05 [mySpider.spiders.log_] WARNING: {'name': '江老师', 'title': '高级讲师'}
2020-06-03 23:20:05 [mySpider.spiders.log_] WARNING: {'name': '许老师', 'title': '高级讲师'}
2020-06-03 23:20:05 [mySpider.spiders.log_] WARNING: {'name': '汤老师', 'title': '高级讲师'}
2020-06-03 23:20:05 [mySpider.spiders.log_] WARNING: {'name': '詹老师', 'title': '高级讲师'}
2020-06-03 23:20:05 [mySpider.spiders.log_] WARNING: {'name': '杨老师', 'title': '高级讲师'}
2020-06-03 23:20:05 [mySpider.spiders.log_] WARNING: {'name': '刘老师', 'title': '高级讲师'}
2020-06-03 23:20:05 [mySpider.spiders.log_] WARNING: {'name': '李老师', 'title': '高级讲师'}
2020-06-03 23:20:05 [mySpider.spiders.log_] WARNING: {'name': '梅老师', 'title': '高级讲师'}
2020-06-03 23:20:05 [mySpider.spiders.log_] WARNING: {'name': '秦老师', 'title': '高级讲师'}
2020-06-03 23:20:05 [mySpider.spiders.log_] WARNING: {'name': '沈老师', 'title': '高级讲师'}
2020-06-03 23:20:05 [mySpider.spiders.log_] WARNING: {'name': '于老师', 'title': '高级讲师'}
2020-06-03 23:20:05 [mySpider.spiders.log_] WARNING: {'name': '张老师', 'title': '高级讲师'}
2020-06-03 23:20:05 [mySpider.spiders.log_] WARNING: {'name': '林老师', 'title': '高级讲师'}
2020-06-03 23:20:05 [mySpider.spiders.log_] WARNING: {'name': '王老师', 'title': '高级讲师'}
2020-06-03 23:20:05 [mySpider.spiders.log_] WARNING: {'name': '朱老师', 'title': '高级讲师'}
2020-06-03 23:20:05 [mySpider.spiders.log_] WARNING: {'name': '秦老师', 'title': '高级讲师'}
2020-06-03 23:20:05 [mySpider.spiders.log_] WARNING: {'name': '牛老师', 'title': '高级讲师'}
2020-06-03 23:20:05 [mySpider.spiders.log_] WARNING: {'name': '杨老师', 'title': '高级讲师'}
2020-06-03 23:20:05 [mySpider.spiders.log_] WARNING: {'name': '郭老师', 'title': '高级讲师'}
2020-06-03 23:20:05 [mySpider.spiders.log_] WARNING: {'name': '王老师', 'title': '高级讲师'}
2020-06-03 23:20:05 [mySpider.spiders.log_] WARNING: {'name': '王老师', 'title': '高级讲师'}
2020-06-03 23:20:05 [mySpider.spiders.log_] WARNING: {'name': '姚老师', 'title': '高级讲师'}
2020-06-03 23:20:05 [mySpider.spiders.log_] WARNING: {'name': '赵老师', 'title': '高级讲师'}
2020-06-03 23:20:05 [mySpider.spiders.log_] WARNING: {'name': '张老师', 'title': '高级讲师'}
2020-06-03 23:20:05 [mySpider.spiders.log_] WARNING: {'name': '韦老师', 'title': '高级讲师'}
2020-06-03 23:20:05 [mySpider.spiders.log_] WARNING: {'name': '李老师', 'title': '高级讲师'}
2020-06-03 23:20:05 [mySpider.spiders.log_] WARNING: {'name': '史老师', 'title': '高级讲师'}
2020-06-03 23:20:05 [mySpider.spiders.log_] WARNING: {'name': '赵老师', 'title': '高级讲师'}
2020-06-03 23:20:05 [mySpider.spiders.log_] WARNING: {'name': '刘老师', 'title': '高级讲师'}
2020-06-03 23:20:05 [mySpider.spiders.log_] WARNING: {'name': '齐老师', 'title': '高级讲师'}
2020-06-03 23:20:05 [mySpider.spiders.log_] WARNING: {'name': '盛老师', 'title': '高级讲师'}
2020-06-03 23:20:05 [mySpider.spiders.log_] WARNING: {'name': '范老师', 'title': '高级讲师'}
2020-06-03 23:20:05 [mySpider.spiders.log_] WARNING: {'name': '胡老师', 'title': '高级讲师'}
2020-06-03 23:20:05 [mySpider.spiders.log_] WARNING: {'name': '谢老师', 'title': '高级讲师'}
2020-06-03 23:20:05 [mySpider.spiders.log_] WARNING: {'name': '张老师', 'title': '高级讲师'}
2020-06-03 23:20:05 [mySpider.spiders.log_] WARNING: {'name': '李老师', 'title': '高级讲师'}
2020-06-03 23:20:05 [mySpider.spiders.log_] WARNING: {'name': '肖老师', 'title': '高级讲师'}
2020-06-03 23:20:05 [mySpider.spiders.log_] WARNING: {'name': '唐老师', 'title': '高级讲师'}
2020-06-03 23:20:05 [mySpider.spiders.log_] WARNING: {'name': '肖老师', 'title': '高级讲师'}
2020-06-03 23:20:05 [mySpider.spiders.log_] WARNING: {'name': '覃老师', 'title': '高级讲师'}
2020-06-03 23:20:05 [mySpider.spiders.log_] WARNING: {'name': '吴老师', 'title': '高级讲师'}
2020-06-03 23:20:05 [mySpider.spiders.log_] WARNING: {'name': '梁老师', 'title': '商务经理'}
2020-06-03 23:20:05 [mySpider.spiders.log_] WARNING: {'name': '张老师', 'title': '高级讲师'}
2020-06-03 23:20:05 [mySpider.spiders.log_] WARNING: {'name': '孟老师', 'title': '高级讲师'}
2020-06-03 23:20:05 [mySpider.spiders.log_] WARNING: {'name': '曹老师', 'title': '高级讲师'}
2020-06-03 23:20:05 [mySpider.spiders.log_] WARNING: {'name': '张老师', 'title': '高级讲师'}
2020-06-03 23:20:05 [mySpider.spiders.log_] WARNING: {'name': '赵老师', 'title': '高级讲师'}
2020-06-03 23:20:05 [mySpider.spiders.log_] WARNING: {'name': '张老师', 'title': '高级讲师'}
2020-06-03 23:20:05 [mySpider.spiders.log_] WARNING: {'name': '赵老师', 'title': '高级讲师'}
2020-06-03 23:20:05 [mySpider.spiders.log_] WARNING: {'name': '赵老师', 'title': '高级讲师'}
2020-06-03 23:20:05 [mySpider.spiders.log_] WARNING: {'name': '闻老师', 'title': '高级讲师'}
2020-06-03 23:20:05 [mySpider.spiders.log_] WARNING: {'name': '周老师', 'title': '高级讲师'}
2020-06-03 23:20:05 [mySpider.spiders.log_] WARNING: {'name': '陈老师', 'title': '高级讲师'}
2020-06-03 23:20:05 [mySpider.spiders.log_] WARNING: {'name': '康老师', 'title': '高级讲师'}
2020-06-03 23:20:05 [mySpider.spiders.log_] WARNING: {'name': '曹老师', 'title': '高级讲师'}
2020-06-03 23:20:05 [mySpider.spiders.log_] WARNING: {'name': '江老师', 'title': '高级讲师'}
2020-06-03 23:20:05 [mySpider.spiders.log_] WARNING: {'name': '唐老师', 'title': '高级讲师'}
2020-06-03 23:20:05 [mySpider.spiders.log_] WARNING: {'name': '孔老师', 'title': '高级讲师'}
2020-06-03 23:20:05 [mySpider.spiders.log_] WARNING: {'name': '李老师', 'title': '高级讲师'}
2020-06-03 23:20:05 [mySpider.spiders.log_] WARNING: {'name': '王老师', 'title': '高级讲师'}
2020-06-03 23:20:05 [mySpider.spiders.log_] WARNING: {'name': '魏老师', 'title': '高级讲师'}
2020-06-03 23:20:05 [mySpider.spiders.log_] WARNING: {'name': '孙老师', 'title': '高级讲师'}
2020-06-03 23:20:05 [mySpider.spiders.log_] WARNING: {'name': '殷老师', 'title': '高级讲师'}
2020-06-03 23:20:05 [mySpider.spiders.log_] WARNING: {'name': '高老师', 'title': '高级讲师'}
2020-06-03 23:20:05 [mySpider.spiders.log_] WARNING: {'name': '吴老师', 'title': '高级讲师'}
2020-06-03 23:20:05 [mySpider.spiders.log_] WARNING: {'name': '张老师', 'title': '高级讲师'}
2020-06-03 23:20:05 [mySpider.spiders.log_] WARNING: {'name': '张老师', 'title': '高级讲师'}
2020-06-03 23:20:05 [mySpider.spiders.log_] WARNING: {'name': '朱老师', 'title': '高级讲师'}
2020-06-03 23:20:05 [mySpider.spiders.log_] WARNING: {'name': '骆老师', 'title': '高级讲师'}
2020-06-03 23:20:05 [mySpider.spiders.log_] WARNING: {'name': '王老师', 'title': '高级讲师'}
2020-06-03 23:20:05 [mySpider.spiders.log_] WARNING: {'name': '梁老师', 'title': '高级讲师'}
2020-06-03 23:20:05 [mySpider.spiders.log_] WARNING: {'name': '王老师', 'title': '高级讲师'}
2020-06-03 23:20:05 [mySpider.spiders.log_] WARNING: {'name': '李老师', 'title': '高级讲师'}
2020-06-03 23:20:05 [mySpider.spiders.log_] WARNING: {'name': '刘老师', 'title': '高级讲师'}
2020-06-03 23:20:05 [mySpider.spiders.log_] WARNING: {'name': '杜老师', 'title': '高级讲师'}
2020-06-03 23:20:05 [mySpider.spiders.log_] WARNING: {'name': '刘老师', 'title': '高级讲师'}
2020-06-03 23:20:05 [mySpider.spiders.log_] WARNING: {'name': '张老师', 'title': '高级讲师'}
2020-06-03 23:20:05 [mySpider.spiders.log_] WARNING: {'name': '王老师', 'title': '高级讲师'}
2020-06-03 23:20:05 [mySpider.spiders.log_] WARNING: {'name': '孟老师', 'title': '高级讲师'}
2020-06-03 23:20:05 [mySpider.spiders.log_] WARNING: {'name': ' 邓老师', 'title': '高级讲师'}
2020-06-03 23:20:05 [mySpider.spiders.log_] WARNING: {'name': '苏老师', 'title': '高级讲师'}
2020-06-03 23:20:05 [mySpider.spiders.log_] WARNING: {'name': '段老师', 'title': '高级讲师'}
2020-06-03 23:20:05 [mySpider.spiders.log_] WARNING: {'name': '李老师', 'title': '高级讲师'}
2020-06-03 23:20:05 [mySpider.spiders.log_] WARNING: {'name': '汤老师', 'title': '高级讲师'}
2020-06-03 23:20:05 [mySpider.spiders.log_] WARNING: {'name': '赵老师', 'title': '高级讲师'}
2020-06-03 23:20:05 [mySpider.spiders.log_] WARNING: {'name': '周老师', 'title': '高级讲师'}
2020-06-03 23:20:05 [mySpider.spiders.log_] WARNING: {'name': '凡老师', 'title': '高级讲师'}
2020-06-03 23:20:05 [mySpider.spiders.log_] WARNING: {'name': '高老师', 'title': '高级讲师'}
2020-06-03 23:20:05 [mySpider.spiders.log_] WARNING: {'name': '刘老师', 'title': '高级讲师'}
2020-06-03 23:20:05 [mySpider.spiders.log_] WARNING: {'name': '刘老师', 'title': '高级讲师'}
2020-06-03 23:20:05 [mySpider.spiders.log_] WARNING: {'name': '苏老师', 'title': '高级讲师'}
2020-06-03 23:20:05 [mySpider.spiders.log_] WARNING: {'name': '王老师', 'title': '高级讲师'}
2020-06-03 23:20:05 [mySpider.spiders.log_] WARNING: {'name': '谢老师', 'title': '高级讲师'}
2020-06-03 23:20:05 [mySpider.spiders.log_] WARNING: {'name': '江老师', 'title': '高级讲师'}
2020-06-03 23:20:05 [mySpider.spiders.log_] WARNING: {'name': '彭老师', 'title': '高级讲师'}
2020-06-03 23:20:05 [mySpider.spiders.log_] WARNING: {'name': '胡老师', 'title': '高级讲师'}
2020-06-03 23:20:05 [mySpider.spiders.log_] WARNING: {'name': '王老师', 'title': '高级讲师'}
2020-06-03 23:20:05 [mySpider.spiders.log_] WARNING: {'name': '黄老师', 'title': '高级讲师'}
2020-06-03 23:20:05 [mySpider.spiders.log_] WARNING: {'name': '董老师', 'title': '高级讲师'}
2020-06-03 23:20:05 [mySpider.spiders.log_] WARNING: {'name': '林老师', 'title': '高级讲师'}
2020-06-03 23:20:05 [mySpider.spiders.log_] WARNING: {'name': '刘老师', 'title': '高级讲师'}
2020-06-03 23:20:05 [mySpider.spiders.log_] WARNING: {'name': '王老师', 'title': '高级讲师'}
2020-06-03 23:20:05 [mySpider.spiders.log_] WARNING: {'name': '于老师', 'title': '高级讲师'}
2020-06-03 23:20:05 [mySpider.spiders.log_] WARNING: {'name': '张老师', 'title': '高级讲师'}
2020-06-03 23:20:05 [mySpider.spiders.log_] WARNING: {'name': '周老师', 'title': '高级讲师'}
2020-06-03 23:20:05 [mySpider.spiders.log_] WARNING: {'name': '邹老师', 'title': '高级讲师'}
2020-06-03 23:20:05 [mySpider.spiders.log_] WARNING: {'name': '王老师', 'title': '高级讲师'}
2020-06-03 23:20:05 [mySpider.spiders.log_] WARNING: {'name': '王老师', 'title': '高级讲师'}
2020-06-03 23:20:05 [mySpider.spiders.log_] WARNING: {'name': '张老师', 'title': '高级讲师'}
2020-06-03 23:20:05 [mySpider.spiders.log_] WARNING: {'name': '刘老师', 'title': '高级讲师'}
2020-06-03 23:20:05 [mySpider.spiders.log_] WARNING: {'name': '易老师', 'title': '高级讲师'}
2020-06-03 23:20:05 [mySpider.spiders.log_] WARNING: {'name': '毛老师', 'title': '高级讲师'}
2020-06-03 23:20:05 [mySpider.spiders.log_] WARNING: {'name': '邱老师', 'title': '高级讲师'}
2020-06-03 23:20:05 [mySpider.spiders.log_] WARNING: {'name': '王老师', 'title': '高级讲师'}
2020-06-03 23:20:05 [mySpider.spiders.log_] WARNING: {'name': '冯老师', 'title': '高级讲师'}
2020-06-03 23:20:05 [mySpider.spiders.log_] WARNING: {'name': '黄老师', 'title': '高级讲师'}
2020-06-03 23:20:05 [mySpider.spiders.log_] WARNING: {'name': '宋老师', 'title': '高级讲师'}
2020-06-03 23:20:05 [mySpider.spiders.log_] WARNING: {'name': '王老师', 'title': '高级讲师'}
2020-06-03 23:20:05 [mySpider.spiders.log_] WARNING: {'name': '肖老师', 'title': '高级讲师'}
2020-06-03 23:20:05 [mySpider.spiders.log_] WARNING: {'name': '殷老师', 'title': '高级讲师'}
2020-06-03 23:20:05 [mySpider.spiders.log_] WARNING: {'name': '郑老师', 'title': '高级讲师'}
2020-06-03 23:20:05 [mySpider.spiders.log_] WARNING: {'name': '刘老师', 'title': '高级讲师'}
2020-06-03 23:20:05 [mySpider.spiders.log_] WARNING: {'name': '董老师', 'title': '高级讲师'}
2020-06-03 23:20:05 [mySpider.spiders.log_] WARNING: {'name': '黄老师', 'title': '高级讲师'}
2020-06-03 23:20:05 [mySpider.spiders.log_] WARNING: {'name': '马老师', 'title': '高级讲师'}
2020-06-03 23:20:05 [mySpider.spiders.log_] WARNING: {'name': '滕老师', 'title': '高级讲师'}
2020-06-03 23:20:05 [mySpider.spiders.log_] WARNING: {'name': '郑老师', 'title': '高级讲师'}
2020-06-03 23:20:05 [mySpider.spiders.log_] WARNING: {'name': '胡老师', 'title': '高级讲师'}
2020-06-03 23:20:05 [mySpider.spiders.log_] WARNING: {'name': '芮老师', 'title': '高级讲师'}
2020-06-03 23:20:05 [mySpider.spiders.log_] WARNING: {'name': '何老师', 'title': '高级讲师'}
2020-06-03 23:20:05 [mySpider.spiders.log_] WARNING: {'name': '蒋老师', 'title': '高级讲师'}
2020-06-03 23:20:05 [mySpider.spiders.log_] WARNING: {'name': '李老师', 'title': '高级讲师'}
2020-06-03 23:20:05 [mySpider.spiders.log_] WARNING: {'name': '刘老师', 'title': '高级讲师'}
2020-06-03 23:20:05 [mySpider.spiders.log_] WARNING: {'name': '罗老师', 'title': '高级讲师'}
2020-06-03 23:20:05 [mySpider.spiders.log_] WARNING: {'name': '马老师', 'title': '高级讲师'}
2020-06-03 23:20:05 [mySpider.spiders.log_] WARNING: {'name': '潘老师', 'title': '高级讲师'}
2020-06-03 23:20:05 [mySpider.spiders.log_] WARNING: {'name': '沈老师', 'title': '高级讲师'}
2020-06-03 23:20:05 [mySpider.spiders.log_] WARNING: {'name': '王老师', 'title': '高级讲师'}
2020-06-03 23:20:05 [mySpider.spiders.log_] WARNING: {'name': '许老师', 'title': '高级讲师'}
2020-06-03 23:20:05 [mySpider.spiders.log_] WARNING: {'name': '范老师', 'title': '高级讲师'}
2020-06-03 23:20:05 [mySpider.spiders.log_] WARNING: {'name': '孔老师', 'title': '高级讲师'}
2020-06-03 23:20:05 [mySpider.spiders.log_] WARNING: {'name': '李老师', 'title': '高级讲师'}
2020-06-03 23:20:05 [mySpider.spiders.log_] WARNING: {'name': '熊老师', 'title': '高级讲师'}
2020-06-03 23:20:05 [mySpider.spiders.log_] WARNING: {'name': '徐老师', 'title': '高级讲师'}
2020-06-03 23:20:05 [mySpider.spiders.log_] WARNING: {'name': '张老师', 'title': '高级讲师'}
2020-06-03 23:20:05 [mySpider.spiders.log_] WARNING: {'name': '刘老师', 'title': '高级讲师'}
2020-06-03 23:20:05 [mySpider.spiders.log_] WARNING: {'name': '郑老师', 'title': '高级讲师'}
2020-06-03 23:20:05 [mySpider.spiders.log_] WARNING: {'name': '柏老师', 'title': '高级讲师'}
2020-06-03 23:20:05 [mySpider.spiders.log_] WARNING: {'name': '苏老师', 'title': '高级讲师'}
2020-06-03 23:20:05 [mySpider.spiders.log_] WARNING: {'name': '王老师', 'title': '高级讲师'}
2020-06-03 23:20:05 [mySpider.spiders.log_] WARNING: {'name': '张老师', 'title': '高级讲师'}
2020-06-03 23:20:05 [mySpider.spiders.log_] WARNING: {'name': '伍老师', 'title': '高级讲师'}
2020-06-03 23:20:05 [mySpider.spiders.log_] WARNING: {'name': '万老师', 'title': '高级讲师'}
2020-06-03 23:20:05 [mySpider.spiders.log_] WARNING: {'name': '朱老师', 'title': '高级讲师'}
2020-06-03 23:20:05 [mySpider.spiders.log_] WARNING: {'name': '梁老师', 'title': '高级讲师'}
2020-06-03 23:20:05 [mySpider.spiders.log_] WARNING: {'name': '郑老师', 'title': '高级讲师'}
2020-06-03 23:20:05 [mySpider.spiders.log_] WARNING: {'name': '郑老师', 'title': '高级讲师'}
2020-06-03 23:20:05 [mySpider.spiders.log_] WARNING: {'name': '陈老师', 'title': '高级讲师'}
2020-06-03 23:20:05 [mySpider.spiders.log_] WARNING: {'name': '韩老师', 'title': '高级讲师'}
2020-06-03 23:20:05 [mySpider.spiders.log_] WARNING: {'name': '梁老师', 'title': '高级讲师'}
2020-06-03 23:20:05 [mySpider.spiders.log_] WARNING: {'name': '刘老师', 'title': '高级讲师'}
2020-06-03 23:20:05 [mySpider.spiders.log_] WARNING: {'name': '刘老师', 'title': '高级讲师'}
2020-06-03 23:20:05 [mySpider.spiders.log_] WARNING: {'name': '卢老师', 'title': '高级讲师'}
2020-06-03 23:20:05 [mySpider.spiders.log_] WARNING: {'name': '石老师', 'title': '高级讲师'}
2020-06-03 23:20:05 [mySpider.spiders.log_] WARNING: {'name': '孙老师', 'title': '高级讲师'}
2020-06-03 23:20:05 [mySpider.spiders.log_] WARNING: {'name': '王老师', 'title': '高级讲师'}
2020-06-03 23:20:05 [mySpider.spiders.log_] WARNING: {'name': '邢老师', 'title': '高级讲师'}
2020-06-03 23:20:05 [mySpider.spiders.log_] WARNING: {'name': '王老师', 'title': '高级讲师'}
2020-06-03 23:20:05 [mySpider.spiders.log_] WARNING: {'name': '信老师', 'title': '高级讲师'}
2020-06-03 23:20:05 [mySpider.spiders.log_] WARNING: {'name': '肖老师', 'title': '高级讲师'}
2020-06-03 23:20:05 [mySpider.spiders.log_] WARNING: {'name': '王老师', 'title': '高级讲师'}
2020-06-03 23:20:05 [mySpider.spiders.log_] WARNING: {'name': '雷老师', 'title': '高级讲师'}
2020-06-03 23:20:05 [mySpider.spiders.log_] WARNING: {'name': '彭老师', 'title': '高级讲师'}
2020-06-03 23:20:05 [mySpider.spiders.log_] WARNING: {'name': '杨老师', 'title': '高级讲师'}
2020-06-03 23:20:05 [mySpider.spiders.log_] WARNING: {'name': '周老师', 'title': '高级讲师'}
2020-06-03 23:20:05 [mySpider.spiders.log_] WARNING: {'name': '马老师', 'title': '高级讲师'}
2020-06-03 23:20:05 [mySpider.spiders.log_] WARNING: {'name': '李老师', 'title': '高级讲师'}
2020-06-03 23:20:05 [mySpider.spiders.log_] WARNING: {'name': '高老师', 'title': '高级讲师'}
2020-06-03 23:20:05 [mySpider.spiders.log_] WARNING: {'name': '谭老师', 'title': '高级讲师'}
2020-06-03 23:20:05 [mySpider.spiders.log_] WARNING: {'name': '王老师', 'title': '高级讲师'}
2020-06-03 23:20:05 [mySpider.spiders.log_] WARNING: {'name': '杨老师', 'title': '高级讲师'}
2020-06-03 23:20:05 [mySpider.spiders.log_] WARNING: {'name': '刘老师', 'title': '高级讲师'}
2020-06-03 23:20:05 [mySpider.spiders.log_] WARNING: {'name': '彭老师', 'title': '高级讲师'}
2020-06-03 23:20:05 [mySpider.spiders.log_] WARNING: {'name': '丛老师', 'title': '高级讲师'}
2020-06-03 23:20:05 [mySpider.spiders.log_] WARNING: {'name': '刘老师', 'title': '高级讲师'}
2020-06-03 23:20:05 [mySpider.spiders.log_] WARNING: {'name': '陈老师', 'title': '高级讲师'}
2020-06-03 23:20:05 [mySpider.spiders.log_] WARNING: {'name': '梁老师', 'title': '高级讲师'}
2020-06-03 23:20:05 [mySpider.spiders.log_] WARNING: {'name': '岳老师', 'title': '高级讲师'}
2020-06-03 23:20:05 [mySpider.spiders.log_] WARNING: {'name': '袁老师', 'title': '高级讲师'}
2020-06-03 23:20:05 [mySpider.spiders.log_] WARNING: {'name': '宋老师', 'title': '高级讲师'}
2020-06-03 23:20:05 [mySpider.spiders.log_] WARNING: {'name': '杨老师', 'title': '高级讲师'}
2020-06-03 23:20:05 [mySpider.spiders.log_] WARNING: {'name': '刘老师', 'title': '高级讲师'}
2020-06-03 23:20:05 [mySpider.spiders.log_] WARNING: {'name': '张老师', 'title': '高级讲师'}
2020-06-03 23:20:05 [mySpider.spiders.log_] WARNING: {'name': '王老师', 'title': '高级讲师'}
2020-06-03 23:20:05 [mySpider.spiders.log_] WARNING: {'name': '曾老师', 'title': '高级讲师'}
2020-06-03 23:20:05 [mySpider.spiders.log_] WARNING: {'name': '许老师', 'title': '高级讲师'}
2020-06-03 23:20:05 [mySpider.spiders.log_] WARNING: {'name': '金老师', 'title': '高级讲师'}
2020-06-03 23:20:05 [mySpider.spiders.log_] WARNING: {'name': '贺老师', 'title': '高级讲师'}
2020-06-03 23:20:05 [mySpider.spiders.log_] WARNING: {'name': '梁老师', 'title': '高级讲师'}
2020-06-03 23:20:05 [mySpider.spiders.log_] WARNING: {'name': '高老师', 'title': '高级讲师'}
2020-06-03 23:20:05 [mySpider.spiders.log_] WARNING: {'name': '欧老师', 'title': '高级讲师'}
2020-06-03 23:20:05 [mySpider.spiders.log_] WARNING: {'name': '刘老师', 'title': '高级讲师'}
2020-06-03 23:20:05 [mySpider.spiders.log_] WARNING: {'name': '方老师', 'title': '高级讲师'}
2020-06-03 23:20:05 [mySpider.spiders.log_] WARNING: {'name': '郭老师', 'title': '高级讲师'}
2020-06-03 23:20:05 [mySpider.spiders.log_] WARNING: {'name': '廖老师', 'title': '高级讲师'}
2020-06-03 23:20:05 [mySpider.spiders.log_] WARNING: {'name': '薛老师', 'title': '高级讲师'}
2020-06-03 23:20:05 [mySpider.spiders.log_] WARNING: {'name': '李老师', 'title': '高级讲师'}
2020-06-03 23:20:05 [mySpider.spiders.log_] WARNING: {'name': '王老师', 'title': '高级讲师'}
2020-06-03 23:20:05 [mySpider.spiders.log_] WARNING: {'name': '赵老师', 'title': '高级讲师'}
2020-06-03 23:20:05 [mySpider.spiders.log_] WARNING: {'name': '林老师', 'title': '高级讲师'}
2020-06-03 23:20:05 [mySpider.spiders.log_] WARNING: {'name': '吴老师', 'title': '高级讲师'}
2020-06-03 23:20:05 [mySpider.spiders.log_] WARNING: {'name': '汪老师', 'title': '高级讲师'}
2020-06-03 23:20:05 [mySpider.spiders.log_] WARNING: {'name': '闫老师', 'title': '高级讲师'}
2020-06-03 23:20:05 [mySpider.spiders.log_] WARNING: {'name': '许老师', 'title': '高级讲师'}
2020-06-03 23:20:05 [mySpider.spiders.log_] WARNING: {'name': '杨老师', 'title': '高级讲师'}
2020-06-03 23:20:05 [mySpider.spiders.log_] WARNING: {'name': '贾老师', 'title': '高级讲师'}
2020-06-03 23:20:05 [mySpider.spiders.log_] WARNING: {'name': '周老师', 'title': '高级讲师'}
2020-06-03 23:20:05 [mySpider.spiders.log_] WARNING: {'name': '雷老师', 'title': '高级讲师'}
2020-06-03 23:20:05 [mySpider.spiders.log_] WARNING: {'name': '李老师', 'title': '高级讲师'}
2020-06-03 23:20:05 [mySpider.spiders.log_] WARNING: {'name': '王老师', 'title': '高级讲师'}
2020-06-03 23:20:05 [mySpider.spiders.log_] WARNING: {'name': '邓老师', 'title': '高级讲师'}
2020-06-03 23:20:05 [mySpider.spiders.log_] WARNING: {'name': '龚老师', 'title': '高级讲师'}
2020-06-03 23:20:05 [mySpider.spiders.log_] WARNING: {'name': '薛老师', 'title': '高级讲师'}
2020-06-03 23:20:05 [mySpider.spiders.log_] WARNING: {'name': '李老师', 'title': '高级讲师'}
2020-06-03 23:20:05 [mySpider.spiders.log_] WARNING: {'name': '王老师', 'title': '高级讲师'}
2020-06-03 23:20:05 [mySpider.spiders.log_] WARNING: {'name': '杨老师', 'title': '高级讲师'}
2020-06-03 23:20:05 [mySpider.spiders.log_] WARNING: {'name': '马老师', 'title': '高级讲师'}
2020-06-03 23:20:05 [mySpider.spiders.log_] WARNING: {'name': '詹老师', 'title': '高级讲师'}
2020-06-03 23:20:05 [mySpider.spiders.log_] WARNING: {'name': '郭老师', 'title': '高级讲师'}
2020-06-03 23:20:05 [mySpider.spiders.log_] WARNING: {'name': '黄老师', 'title': '高级讲师'}
2020-06-03 23:20:05 [mySpider.spiders.log_] WARNING: {'name': '金老师', 'title': '高级讲师'}
2020-06-03 23:20:05 [mySpider.spiders.log_] WARNING: {'name': '林老师', 'title': '高级讲师'}
2020-06-03 23:20:05 [mySpider.spiders.log_] WARNING: {'name': '芦老师', 'title': '高级讲师'}
2020-06-03 23:20:05 [mySpider.spiders.log_] WARNING: {'name': '吕老师', 'title': '高级讲师'}
2020-06-03 23:20:05 [mySpider.spiders.log_] WARNING: {'name': '马老师', 'title': '高级讲师'}
2020-06-03 23:20:05 [mySpider.spiders.log_] WARNING: {'name': '师老师', 'title': '高级讲师'}
2020-06-03 23:20:05 [mySpider.spiders.log_] WARNING: {'name': '魏老师', 'title': '高级讲师'}
2020-06-03 23:20:05 [mySpider.spiders.log_] WARNING: {'name': '许老师', 'title': '高级讲师'}
2020-06-03 23:20:05 [mySpider.spiders.log_] WARNING: {'name': '杨老师', 'title': '高级讲师'}
2020-06-03 23:20:05 [mySpider.spiders.log_] WARNING: {'name': '杨老师', 'title': '高级讲师'}
2020-06-03 23:20:05 [mySpider.spiders.log_] WARNING: {'name': '于老师', 'title': '高级讲师'}
2020-06-03 23:20:05 [mySpider.spiders.log_] WARNING: {'name': '张老师', 'title': '高级讲师'}
2020-06-03 23:20:05 [mySpider.spiders.log_] WARNING: {'name': '张老师', 'title': '高级讲师'}
2020-06-03 23:20:05 [mySpider.spiders.log_] WARNING: {'name': '赵老师', 'title': '高级讲师'}
2020-06-03 23:20:05 [mySpider.spiders.log_] WARNING: {'name': '周老师', 'title': '高级讲师'}
2020-06-03 23:20:05 [mySpider.spiders.log_] WARNING: {'name': '许老师', 'title': '高级讲师'}
2020-06-03 23:20:05 [mySpider.spiders.log_] WARNING: {'name': '石老师', 'title': '高级讲师'}
2020-06-03 23:20:05 [mySpider.spiders.log_] WARNING: {'name': '白老师', 'title': '高级讲师'}
2020-06-03 23:20:05 [mySpider.spiders.log_] WARNING: {'name': '黄老师', 'title': '高级讲师'}
2020-06-03 23:20:05 [mySpider.spiders.log_] WARNING: {'name': '刘老师', 'title': '高级讲师'}
2020-06-03 23:20:05 [mySpider.spiders.log_] WARNING: {'name': '孙老师', 'title': '高级讲师'}
2020-06-03 23:20:05 [mySpider.spiders.log_] WARNING: {'name': '魏老师', 'title': '高级讲师'}
2020-06-03 23:20:05 [mySpider.spiders.log_] WARNING: {'name': '杨老师', 'title': '高级讲师'}
2020-06-03 23:20:05 [mySpider.spiders.log_] WARNING: {'name': '于老师', 'title': '高级讲师'}
2020-06-03 23:20:05 [mySpider.spiders.log_] WARNING: {'name': '赵老师', 'title': '高级讲师'}
2020-06-03 23:20:05 [mySpider.spiders.log_] WARNING: {'name': '王老师', 'title': '高级讲师'}
2020-06-03 23:20:05 [mySpider.spiders.log_] WARNING: {'name': '郝老师', 'title': '高级讲师'}
2020-06-03 23:20:05 [mySpider.spiders.log_] WARNING: {'name': '李老师', 'title': '高级讲师'}
2020-06-03 23:20:05 [mySpider.spiders.log_] WARNING: {'name': '姜老师', 'title': '高级讲师'}
2020-06-03 23:20:05 [mySpider.spiders.log_] WARNING: {'name': '辛老师', 'title': '高级讲师'}
2020-06-03 23:20:05 [mySpider.spiders.log_] WARNING: {'name': '王老师', 'title': '高级讲师'}
2020-06-03 23:20:05 [mySpider.spiders.log_] WARNING: {'name': '叶老师', 'title': '高级讲师'}
2020-06-03 23:20:05 [mySpider.spiders.log_] WARNING: {'name': '李老师', 'title': '高级讲师'}
2020-06-03 23:20:05 [mySpider.spiders.log_] WARNING: {'name': '余老师', 'title': '高级讲师'}
2020-06-03 23:20:05 [mySpider.spiders.log_] WARNING: {'name': '彭老师', 'title': '高级讲师'}
2020-06-03 23:20:05 [mySpider.spiders.log_] WARNING: {'name': '沈老师', 'title': '高级讲师'}
2020-06-03 23:20:06 [mySpider.spiders.log_] WARNING: {'name': '刘老师', 'title': '高级讲师'}
2020-06-03 23:20:06 [mySpider.spiders.log_] WARNING: {'name': '刘老师', 'title': '高级讲师'}
2020-06-03 23:20:06 [mySpider.spiders.log_] WARNING: {'name': '贺老师', 'title': '高级讲师'}
2020-06-03 23:20:06 [mySpider.spiders.log_] WARNING: {'name': '凡老师', 'title': '高级讲师'}
2020-06-03 23:20:06 [mySpider.spiders.log_] WARNING: {'name': '欧阳老师', 'title': '高级讲师'}
2020-06-03 23:20:06 [mySpider.spiders.log_] WARNING: {'name': '郭老师', 'title': '高级讲师'}
2020-06-03 23:20:06 [mySpider.spiders.log_] WARNING: {'name': '符老师', 'title': '高级讲师'}
2020-06-03 23:20:06 [mySpider.spiders.log_] WARNING: {'name': '黄老师', 'title': '高级讲师'}
2020-06-03 23:20:06 [mySpider.spiders.log_] WARNING: {'name': '黄老师', 'title': '高级讲师'}
2020-06-03 23:20:06 [mySpider.spiders.log_] WARNING: {'name': '刘老师', 'title': '高级讲师'}
2020-06-03 23:20:06 [mySpider.spiders.log_] WARNING: {'name': '罗老师', 'title': '高级讲师'}
2020-06-03 23:20:06 [mySpider.spiders.log_] WARNING: {'name': '熊老师', 'title': '高级讲师'}
2020-06-03 23:20:06 [mySpider.spiders.log_] WARNING: {'name': '高老师', 'title': '高级讲师'}
2020-06-03 23:20:06 [mySpider.spiders.log_] WARNING: {'name': '郭老师', 'title': '高级讲师'}
2020-06-03 23:20:06 [mySpider.spiders.log_] WARNING: {'name': '胡老师', 'title': '高级讲师'}
2020-06-03 23:20:06 [mySpider.spiders.log_] WARNING: {'name': '李老师', 'title': '高级讲师'}
2020-06-03 23:20:06 [mySpider.spiders.log_] WARNING: {'name': '刘老师', 'title': '高级讲师'}
2020-06-03 23:20:06 [mySpider.spiders.log_] WARNING: {'name': '唐老师', 'title': '高级讲师'}
2020-06-03 23:20:06 [mySpider.spiders.log_] WARNING: {'name': '袁老师', 'title': '高级讲师'}
2020-06-03 23:20:06 [mySpider.spiders.log_] WARNING: {'name': '岳老师', 'title': '高级讲师'}
2020-06-03 23:20:06 [mySpider.spiders.log_] WARNING: {'name': '白老师', 'title': '高级讲师'}
2020-06-03 23:20:06 [mySpider.spiders.log_] WARNING: {'name': '姜老师', 'title': '高级讲师'}
2020-06-03 23:20:06 [mySpider.spiders.log_] WARNING: {'name': '王老师', 'title': '高级讲师'}
2020-06-03 23:20:06 [mySpider.spiders.log_] WARNING: {'name': '叶老师', 'title': '高级讲师'}
2020-06-03 23:20:06 [mySpider.spiders.log_] WARNING: {'name': '邓老师', 'title': '高级讲师'}
2020-06-03 23:20:06 [mySpider.spiders.log_] WARNING: {'name': '付老师', 'title': '高级讲师'}
2020-06-03 23:20:06 [mySpider.spiders.log_] WARNING: {'name': '付老师', 'title': '高级讲师'}
2020-06-03 23:20:06 [mySpider.spiders.log_] WARNING: {'name': '高老师', 'title': '高级讲师'}
2020-06-03 23:20:06 [mySpider.spiders.log_] WARNING: {'name': '李老师', 'title': '高级讲师'}
2020-06-03 23:20:06 [mySpider.spiders.log_] WARNING: {'name': '李老师', 'title': '高级讲师'}
2020-06-03 23:20:06 [mySpider.spiders.log_] WARNING: {'name': '吕老师', 'title': '高级讲师'}
2020-06-03 23:20:06 [mySpider.spiders.log_] WARNING: {'name': '满老师', 'title': '高级讲师'}
2020-06-03 23:20:06 [mySpider.spiders.log_] WARNING: {'name': '袁老师', 'title': '高级讲师'}
2020-06-03 23:20:06 [mySpider.spiders.log_] WARNING: {'name': '张老师', 'title': '高级讲师'}
2020-06-03 23:20:06 [mySpider.spiders.log_] WARNING: {'name': '李老师', 'title': '高级讲师'}
2020-06-03 23:20:06 [mySpider.spiders.log_] WARNING: {'name': '王老师', 'title': '高级讲师'}
2020-06-03 23:20:06 [mySpider.spiders.log_] WARNING: {'name': '王老师', 'title': '高级讲师'}
2020-06-03 23:20:06 [mySpider.spiders.log_] WARNING: {'name': '王老师', 'title': '高级讲师'}
2020-06-03 23:20:06 [mySpider.spiders.log_] WARNING: {'name': '颜老师', 'title': '高级讲师'}
2020-06-03 23:20:06 [mySpider.spiders.log_] WARNING: {'name': '张老师', 'title': '高级讲师'}
2020-06-03 23:20:06 [mySpider.spiders.log_] WARNING: {'name': '张老师', 'title': '高级讲师'}
2020-06-03 23:20:06 [mySpider.spiders.log_] WARNING: {'name': '朱老师', 'title': '高级讲师'}
2020-06-03 23:20:06 [mySpider.spiders.log_] WARNING: {'name': '钟老师', 'title': '高级讲师'}
2020-06-03 23:20:06 [mySpider.spiders.log_] WARNING: {'name': '陈老师', 'title': '高级讲师'}
2020-06-03 23:20:06 [mySpider.spiders.log_] WARNING: {'name': '刘老师', 'title': '高级讲师'}
2020-06-03 23:20:06 [mySpider.spiders.log_] WARNING: {'name': '肖老师', 'title': '高级讲师'}
2020-06-03 23:20:06 [mySpider.spiders.log_] WARNING: {'name': '徐老师', 'title': '高级讲师'}
2020-06-03 23:20:06 [mySpider.spiders.log_] WARNING: {'name': '周老师', 'title': '高级讲师'}
2020-06-03 23:20:06 [mySpider.spiders.log_] WARNING: {'name': '陈老师', 'title': '高级讲师'}
2020-06-03 23:20:06 [mySpider.spiders.log_] WARNING: {'name': '年老师', 'title': '高级讲师'}
2020-06-03 23:20:06 [mySpider.spiders.log_] WARNING: {'name': '陈老师', 'title': '高级讲师'}
2020-06-03 23:20:06 [mySpider.spiders.log_] WARNING: {'name': '张老师', 'title': '高级讲师'}
2020-06-03 23:20:06 [mySpider.spiders.log_] WARNING: {'name': '周老师', 'title': '高级讲师'}
2020-06-03 23:20:06 [mySpider.spiders.log_] WARNING: {'name': '高老师', 'title': '高级讲师'}
2020-06-03 23:20:06 [mySpider.spiders.log_] WARNING: {'name': '陈老师', 'title': '高级讲师'}
2020-06-03 23:20:06 [mySpider.spiders.log_] WARNING: {'name': '陈老师', 'title': '高级讲师'}
2020-06-03 23:20:06 [mySpider.spiders.log_] WARNING: {'name': '黄老师', 'title': '高级讲师'}
2020-06-03 23:20:06 [mySpider.spiders.log_] WARNING: {'name': '施老师', 'title': '高级讲师'}
2020-06-03 23:20:06 [mySpider.spiders.log_] WARNING: {'name': '拓老师', 'title': '高级讲师'}
2020-06-03 23:20:06 [mySpider.spiders.log_] WARNING: {'name': '张老师\t', 'title': '高级讲师'}
2020-06-03 23:20:06 [mySpider.spiders.log_] WARNING: {'name': '陈老师', 'title': '高级讲师'}
2020-06-03 23:20:06 [mySpider.spiders.log_] WARNING: {'name': '彭老师', 'title': '高级讲师'}
2020-06-03 23:20:06 [mySpider.spiders.log_] WARNING: {'name': '徐老师', 'title': '高级讲师'}
2020-06-03 23:20:06 [mySpider.spiders.log_] WARNING: {'name': '邹老师', 'title': '高级讲师'}
2020-06-03 23:20:06 [mySpider.spiders.log_] WARNING: {'name': '陈老师', 'title': '高级讲师'}
2020-06-03 23:20:06 [mySpider.spiders.log_] WARNING: {'name': '程老师', 'title': '高级讲师'}
2020-06-03 23:20:06 [mySpider.spiders.log_] WARNING: {'name': '陈老师', 'title': '高级讲师'}
2020-06-03 23:20:06 [mySpider.spiders.log_] WARNING: {'name': '程老师', 'title': '高级讲师'}
2020-06-03 23:20:06 [mySpider.spiders.log_] WARNING: {'name': '李老师', 'title': '高级讲师'}
2020-06-03 23:20:06 [mySpider.spiders.log_] WARNING: {'name': '孙老师', 'title': '高级讲师'}
2020-06-03 23:20:06 [mySpider.spiders.log_] WARNING: {'name': '秦老师', 'title': '高级讲师'}
2020-06-03 23:20:06 [mySpider.spiders.log_] WARNING: {'name': '时老师', 'title': '高级讲师'}
2020-06-03 23:20:06 [mySpider.spiders.log_] WARNING: {'name': '束老师', 'title': '高级讲师'}
2020-06-03 23:20:06 [mySpider.spiders.log_] WARNING: {'name': '唐老师', 'title': '高级讲师'}
2020-06-03 23:20:06 [mySpider.spiders.log_] WARNING: {'name': '张老师', 'title': '高级讲师'}
2020-06-03 23:20:06 [mySpider.spiders.log_] WARNING: {'name': '王老师', 'title': '高级讲师'}
2020-06-03 23:20:06 [mySpider.spiders.log_] WARNING: {'name': '张老师', 'title': '高级讲师'}
2020-06-03 23:20:06 [mySpider.spiders.log_] WARNING: {'name': '许老师', 'title': '高级讲师'}
2020-06-03 23:20:06 [mySpider.spiders.log_] WARNING: {'name': '陈老师', 'title': '高级讲师'}
2020-06-03 23:20:06 [mySpider.spiders.log_] WARNING: {'name': '杜老师', 'title': '高级讲师'}
2020-06-03 23:20:06 [mySpider.spiders.log_] WARNING: {'name': '李老师', 'title': '高级讲师'}
2020-06-03 23:20:06 [mySpider.spiders.log_] WARNING: {'name': '李老师', 'title': '高级讲师'}
2020-06-03 23:20:06 [mySpider.spiders.log_] WARNING: {'name': '廖老师', 'title': '高级讲师'}
2020-06-03 23:20:06 [mySpider.spiders.log_] WARNING: {'name': '刘老师', 'title': '高级讲师'}
2020-06-03 23:20:06 [mySpider.spiders.log_] WARNING: {'name': '潘老师', 'title': '高级讲师'}
2020-06-03 23:20:06 [mySpider.spiders.log_] WARNING: {'name': '宋老师', 'title': '高级讲师'}
2020-06-03 23:20:06 [mySpider.spiders.log_] WARNING: {'name': '肖老师', 'title': '高级讲师'}
2020-06-03 23:20:06 [mySpider.spiders.log_] WARNING: {'name': '徐老师', 'title': '高级讲师'}
2020-06-03 23:20:06 [mySpider.spiders.log_] WARNING: {'name': '徐老师', 'title': '高级讲师'}
2020-06-03 23:20:06 [mySpider.spiders.log_] WARNING: {'name': '徐老师', 'title': '高级讲师'}
2020-06-03 23:20:06 [mySpider.spiders.log_] WARNING: {'name': '杨老师', 'title': '高级讲师'}
2020-06-03 23:20:06 [mySpider.spiders.log_] WARNING: {'name': '袁老师', 'title': '高级讲师'}
2020-06-03 23:20:06 [mySpider.spiders.log_] WARNING: {'name': '郑老师', 'title': '高级讲师'}
2020-06-03 23:20:06 [mySpider.spiders.log_] WARNING: {'name': '钟老师', 'title': '高级讲师'}
2020-06-03 23:20:06 [mySpider.spiders.log_] WARNING: {'name': '张老师', 'title': '高级讲师'}
2020-06-03 23:20:06 [mySpider.spiders.log_] WARNING: {'name': '何老师', 'title': '高级讲师'}
2020-06-03 23:20:06 [mySpider.spiders.log_] WARNING: {'name': '冀老师', 'title': '高级讲师'}
2020-06-03 23:20:06 [mySpider.spiders.log_] WARNING: {'name': '王老师', 'title': '高级讲师'}
2020-06-03 23:20:06 [mySpider.spiders.log_] WARNING: {'name': '孔老师', 'title': '高级讲师'}
2020-06-03 23:20:06 [mySpider.spiders.log_] WARNING: {'name': '狄老师', 'title': '高级讲师'}
2020-06-03 23:20:06 [mySpider.spiders.log_] WARNING: {'name': '冯老师', 'title': '高级讲师'}
2020-06-03 23:20:06 [mySpider.spiders.log_] WARNING: {'name': '刘老师', 'title': '高级讲师'}
2020-06-03 23:20:06 [mySpider.spiders.log_] WARNING: {'name': '梅老师', 'title': '高级讲师'}
2020-06-03 23:20:06 [mySpider.spiders.log_] WARNING: {'name': '魏老师', 'title': '高级讲师'}
2020-06-03 23:20:06 [mySpider.spiders.log_] WARNING: {'name': '夏老师', 'title': '高级讲师'}
2020-06-03 23:20:06 [mySpider.spiders.log_] WARNING: {'name': '尤老师', 'title': '高级讲师'}
2020-06-03 23:20:06 [mySpider.spiders.log_] WARNING: {'name': '张老师', 'title': '高级讲师'}
2020-06-03 23:20:06 [mySpider.spiders.log_] WARNING: {'name': '张老师', 'title': '高级讲师'}
2020-06-03 23:20:06 [mySpider.spiders.log_] WARNING: {'name': '张老师', 'title': '高级讲师'}
2020-06-03 23:20:06 [mySpider.spiders.log_] WARNING: {'name': '张老师', 'title': '高级讲师'}
2020-06-03 23:20:06 [mySpider.spiders.log_] WARNING: {'name': '张老师', 'title': '高级讲师'}
2020-06-03 23:20:06 [mySpider.spiders.log_] WARNING: {'name': '周老师', 'title': '高级讲师'}
2020-06-03 23:20:06 [mySpider.spiders.log_] WARNING: {'name': '吕老师', 'title': '高级讲师'}
2020-06-03 23:20:06 [mySpider.spiders.log_] WARNING: {'name': '阮老师', 'title': '高级讲师'}
2020-06-03 23:20:06 [mySpider.spiders.log_] WARNING: {'name': '陈老师', 'title': '高级讲师'}
2020-06-03 23:20:06 [mySpider.spiders.log_] WARNING: {'name': '冯老师', 'title': '高级讲师'}
2020-06-03 23:20:06 [mySpider.spiders.log_] WARNING: {'name': '谷老师', 'title': '高级讲师'}
2020-06-03 23:20:06 [mySpider.spiders.log_] WARNING: {'name': '江老师', 'title': '高级讲师'}
2020-06-03 23:20:06 [mySpider.spiders.log_] WARNING: {'name': '刘老师', 'title': '高级讲师'}
2020-06-03 23:20:06 [mySpider.spiders.log_] WARNING: {'name': '陆老师', 'title': '高级讲师'}
2020-06-03 23:20:06 [mySpider.spiders.log_] WARNING: {'name': '谈老师', 'title': '高级讲师'}
2020-06-03 23:20:06 [mySpider.spiders.log_] WARNING: {'name': '夏老师', 'title': '高级讲师'}
2020-06-03 23:20:06 [mySpider.spiders.log_] WARNING: {'name': '周老师', 'title': '高级讲师'}
2020-06-03 23:20:06 [mySpider.spiders.log_] WARNING: {'name': '张老师', 'title': '高级讲师'}
2020-06-03 23:20:06 [mySpider.spiders.log_] WARNING: {'name': '雷老师', 'title': '高级讲师'}
2020-06-03 23:20:06 [mySpider.spiders.log_] WARNING: {'name': '王老师', 'title': '高级讲师'}
2020-06-03 23:20:06 [mySpider.spiders.log_] WARNING: {'name': '田老师', 'title': '高级讲师'}
2020-06-03 23:20:06 [mySpider.spiders.log_] WARNING: {'name': '付老师', 'title': '高级讲师'}
2020-06-03 23:20:06 [mySpider.spiders.log_] WARNING: {'name': '何老师', 'title': '高级讲师'}
2020-06-03 23:20:06 [mySpider.spiders.log_] WARNING: {'name': '李老师', 'title': '高级讲师'}
2020-06-03 23:20:06 [mySpider.spiders.log_] WARNING: {'name': '刘老师', 'title': '高级讲师'}
2020-06-03 23:20:06 [mySpider.spiders.log_] WARNING: {'name': '王老师', 'title': '高级讲师'}
2020-06-03 23:20:06 [mySpider.spiders.log_] WARNING: {'name': '王老师', 'title': '高级讲师'}
2020-06-03 23:20:06 [mySpider.spiders.log_] WARNING: {'name': '饶老师', 'title': '高级讲师'}
2020-06-03 23:20:06 [mySpider.spiders.log_] WARNING: {'name': '杨老师', 'title': '高级讲师'}
2020-06-03 23:20:06 [mySpider.spiders.log_] WARNING: {'name': '赵老师', 'title': '高级讲师'}
2020-06-03 23:20:06 [mySpider.spiders.log_] WARNING: {'name': '张老师', 'title': '高级讲师'}
2020-06-03 23:20:06 [mySpider.spiders.log_] WARNING: {'name': '张老师', 'title': '高级讲师'}
2020-06-03 23:20:06 [mySpider.spiders.log_] WARNING: {'name': '陈老师', 'title': '高级讲师'}
2020-06-03 23:20:06 [mySpider.spiders.log_] WARNING: {'name': '娄老师', 'title': '高级讲师'}
2020-06-03 23:20:06 [mySpider.spiders.log_] WARNING: {'name': '惠老师', 'title': '高级讲师'}
2020-06-03 23:20:06 [mySpider.spiders.log_] WARNING: {'name': '郭老师', 'title': '高级讲师'}
2020-06-03 23:20:06 [mySpider.spiders.log_] WARNING: {'name': '朱老师\t', 'title': '高级讲师'}
